{
  "stats": {
    "suites": 1,
    "tests": 10,
    "passes": 0,
    "pending": 0,
    "failures": 10,
    "start": "2022-06-16T17:46:41.300Z",
    "end": "2022-06-16T17:54:37.622Z",
    "duration": 476322,
    "testsRegistered": 10,
    "passPercent": 0,
    "pendingPercent": 0,
    "other": 0,
    "hasOther": false,
    "skipped": 0,
    "hasSkipped": false
  },
  "results": [
    {
      "uuid": "df1adf42-f852-4067-89fe-b6b6b623b6ef",
      "title": "",
      "fullFile": "cypress/integration/features/filters/pin-filter-from-dashboard-to-events.feature",
      "file": "cypress/integration/features/filters/pin-filter-from-dashboard-to-events.feature",
      "beforeHooks": [],
      "afterHooks": [],
      "tests": [],
      "suites": [
        {
          "uuid": "8604e4ec-c0d2-46df-99bf-887be76491d7",
          "title": "Pin filter",
          "fullFile": "",
          "file": "",
          "beforeHooks": [],
          "afterHooks": [],
          "tests": [
            {
              "title": "The user add and pin new filer - across the modules - from dashboard to event page Security Events (example #1)",
              "fullTitle": "Pin filter The user add and pin new filer - across the modules - from dashboard to event page Security Events (example #1)",
              "timedOut": null,
              "duration": 65281,
              "state": "failed",
              "speed": null,
              "pass": false,
              "fail": true,
              "pending": false,
              "context": null,
              "code": "const state = window.testState;\nreturn cy\n  .then(() => state.onStartScenario(scenario, indexedSteps))\n  .then(() =>\n    resolveAndRunBeforeHooks.call(this, scenario.tags, state.feature.name)\n  )\n  .then(() =>\n    indexedSteps.forEach((step) =>\n      stepTest.call(this, state, step, rowData)\n    )\n  )\n  .then(() => state.onFinishScenario(scenario));",
              "err": {
                "message": "AssertionError: Timed out retrying after 40000ms: expected '<button.euiButtonEmpty.euiButtonEmpty--primary.euiButtonEmpty--small.globalFilterBar__addButton>' to be 'visible'\n\nThis element `<button.euiButtonEmpty.euiButtonEmpty--primary.euiButtonEmpty--small.globalFilterBar__addButton>` is not visible because its parent `<kbn-dis.hide-filter-control.ng-hide>` has CSS property: `display: none`",
                "estack": "AssertionError: Timed out retrying after 40000ms: expected '<button.euiButtonEmpty.euiButtonEmpty--primary.euiButtonEmpty--small.globalFilterBar__addButton>' to be 'visible'\n\nThis element `<button.euiButtonEmpty.euiButtonEmpty--primary.euiButtonEmpty--small.globalFilterBar__addButton>` is not visible because its parent `<kbn-dis.hide-filter-control.ng-hide>` has CSS property: `display: none`\n    at elementIsVisible (https://localhost:5601/__cypress/tests?p=cypress/integration/features/filters/pin-filter-from-dashboard-to-events.feature:2409:47)\n    at Context.eval (https://localhost:5601/__cypress/tests?p=cypress/integration/features/filters/pin-filter-from-dashboard-to-events.feature:1199:32)\n    at Context.resolveAndRunStepDefinition (https://localhost:5601/__cypress/tests?p=cypress/integration/features/filters/pin-filter-from-dashboard-to-events.feature:13843:29)\n    at Context.eval (https://localhost:5601/__cypress/tests?p=cypress/integration/features/filters/pin-filter-from-dashboard-to-events.feature:13164:35)",
                "diff": null
              },
              "uuid": "b1a805a5-79c6-4519-981b-040bb02f3d76",
              "parentUUID": "8604e4ec-c0d2-46df-99bf-887be76491d7",
              "isHook": false,
              "skipped": false
            },
            {
              "title": "The user add and pin new filer - across the modules - from dashboard to event page Integrity Monitoring (example #2)",
              "fullTitle": "Pin filter The user add and pin new filer - across the modules - from dashboard to event page Integrity Monitoring (example #2)",
              "timedOut": null,
              "duration": 45645,
              "state": "failed",
              "speed": null,
              "pass": false,
              "fail": true,
              "pending": false,
              "context": null,
              "code": "const state = window.testState;\nreturn cy\n  .then(() => state.onStartScenario(scenario, indexedSteps))\n  .then(() =>\n    resolveAndRunBeforeHooks.call(this, scenario.tags, state.feature.name)\n  )\n  .then(() =>\n    indexedSteps.forEach((step) =>\n      stepTest.call(this, state, step, rowData)\n    )\n  )\n  .then(() => state.onFinishScenario(scenario));",
              "err": {
                "message": "AssertionError: Timed out retrying after 40000ms: expected '<button.euiButtonEmpty.euiButtonEmpty--primary.euiButtonEmpty--small.globalFilterBar__addButton>' to be 'visible'\n\nThis element `<button.euiButtonEmpty.euiButtonEmpty--primary.euiButtonEmpty--small.globalFilterBar__addButton>` is not visible because its parent `<kbn-dis.hide-filter-control.ng-hide>` has CSS property: `display: none`",
                "estack": "AssertionError: Timed out retrying after 40000ms: expected '<button.euiButtonEmpty.euiButtonEmpty--primary.euiButtonEmpty--small.globalFilterBar__addButton>' to be 'visible'\n\nThis element `<button.euiButtonEmpty.euiButtonEmpty--primary.euiButtonEmpty--small.globalFilterBar__addButton>` is not visible because its parent `<kbn-dis.hide-filter-control.ng-hide>` has CSS property: `display: none`\n    at elementIsVisible (https://localhost:5601/__cypress/tests?p=cypress/integration/features/filters/pin-filter-from-dashboard-to-events.feature:2409:47)\n    at Context.eval (https://localhost:5601/__cypress/tests?p=cypress/integration/features/filters/pin-filter-from-dashboard-to-events.feature:1199:32)\n    at Context.resolveAndRunStepDefinition (https://localhost:5601/__cypress/tests?p=cypress/integration/features/filters/pin-filter-from-dashboard-to-events.feature:13843:29)\n    at Context.eval (https://localhost:5601/__cypress/tests?p=cypress/integration/features/filters/pin-filter-from-dashboard-to-events.feature:13164:35)",
                "diff": null
              },
              "uuid": "64f656aa-601d-4e56-992f-568bc7c3378f",
              "parentUUID": "8604e4ec-c0d2-46df-99bf-887be76491d7",
              "isHook": false,
              "skipped": false
            },
            {
              "title": "The user add and pin new filer - across the modules - from dashboard to event page System Auditing (example #3)",
              "fullTitle": "Pin filter The user add and pin new filer - across the modules - from dashboard to event page System Auditing (example #3)",
              "timedOut": null,
              "duration": 43972,
              "state": "failed",
              "speed": null,
              "pass": false,
              "fail": true,
              "pending": false,
              "context": null,
              "code": "const state = window.testState;\nreturn cy\n  .then(() => state.onStartScenario(scenario, indexedSteps))\n  .then(() =>\n    resolveAndRunBeforeHooks.call(this, scenario.tags, state.feature.name)\n  )\n  .then(() =>\n    indexedSteps.forEach((step) =>\n      stepTest.call(this, state, step, rowData)\n    )\n  )\n  .then(() => state.onFinishScenario(scenario));",
              "err": {
                "message": "AssertionError: Timed out retrying after 40000ms: expected '<button.euiButtonEmpty.euiButtonEmpty--primary.euiButtonEmpty--small.globalFilterBar__addButton>' to be 'visible'\n\nThis element `<button.euiButtonEmpty.euiButtonEmpty--primary.euiButtonEmpty--small.globalFilterBar__addButton>` is not visible because its parent `<kbn-dis.hide-filter-control.ng-hide>` has CSS property: `display: none`",
                "estack": "AssertionError: Timed out retrying after 40000ms: expected '<button.euiButtonEmpty.euiButtonEmpty--primary.euiButtonEmpty--small.globalFilterBar__addButton>' to be 'visible'\n\nThis element `<button.euiButtonEmpty.euiButtonEmpty--primary.euiButtonEmpty--small.globalFilterBar__addButton>` is not visible because its parent `<kbn-dis.hide-filter-control.ng-hide>` has CSS property: `display: none`\n    at elementIsVisible (https://localhost:5601/__cypress/tests?p=cypress/integration/features/filters/pin-filter-from-dashboard-to-events.feature:2409:47)\n    at Context.eval (https://localhost:5601/__cypress/tests?p=cypress/integration/features/filters/pin-filter-from-dashboard-to-events.feature:1199:32)\n    at Context.resolveAndRunStepDefinition (https://localhost:5601/__cypress/tests?p=cypress/integration/features/filters/pin-filter-from-dashboard-to-events.feature:13843:29)\n    at Context.eval (https://localhost:5601/__cypress/tests?p=cypress/integration/features/filters/pin-filter-from-dashboard-to-events.feature:13164:35)",
                "diff": null
              },
              "uuid": "792df31a-a88d-4469-803d-9b40d72d656b",
              "parentUUID": "8604e4ec-c0d2-46df-99bf-887be76491d7",
              "isHook": false,
              "skipped": false
            },
            {
              "title": "The user add and pin new filer - across the modules - from dashboard to event page Mitre & Attack (example #4)",
              "fullTitle": "Pin filter The user add and pin new filer - across the modules - from dashboard to event page Mitre & Attack (example #4)",
              "timedOut": null,
              "duration": 46827,
              "state": "failed",
              "speed": null,
              "pass": false,
              "fail": true,
              "pending": false,
              "context": null,
              "code": "const state = window.testState;\nreturn cy\n  .then(() => state.onStartScenario(scenario, indexedSteps))\n  .then(() =>\n    resolveAndRunBeforeHooks.call(this, scenario.tags, state.feature.name)\n  )\n  .then(() =>\n    indexedSteps.forEach((step) =>\n      stepTest.call(this, state, step, rowData)\n    )\n  )\n  .then(() => state.onFinishScenario(scenario));",
              "err": {
                "message": "AssertionError: Timed out retrying after 40000ms: expected '<button.euiButtonEmpty.euiButtonEmpty--primary.euiButtonEmpty--small.globalFilterBar__addButton>' to be 'visible'\n\nThis element `<button.euiButtonEmpty.euiButtonEmpty--primary.euiButtonEmpty--small.globalFilterBar__addButton>` is not visible because its parent `<kbn-dis.hide-filter-control.ng-hide>` has CSS property: `display: none`",
                "estack": "AssertionError: Timed out retrying after 40000ms: expected '<button.euiButtonEmpty.euiButtonEmpty--primary.euiButtonEmpty--small.globalFilterBar__addButton>' to be 'visible'\n\nThis element `<button.euiButtonEmpty.euiButtonEmpty--primary.euiButtonEmpty--small.globalFilterBar__addButton>` is not visible because its parent `<kbn-dis.hide-filter-control.ng-hide>` has CSS property: `display: none`\n    at elementIsVisible (https://localhost:5601/__cypress/tests?p=cypress/integration/features/filters/pin-filter-from-dashboard-to-events.feature:2409:47)\n    at Context.eval (https://localhost:5601/__cypress/tests?p=cypress/integration/features/filters/pin-filter-from-dashboard-to-events.feature:1199:32)\n    at Context.resolveAndRunStepDefinition (https://localhost:5601/__cypress/tests?p=cypress/integration/features/filters/pin-filter-from-dashboard-to-events.feature:13843:29)\n    at Context.eval (https://localhost:5601/__cypress/tests?p=cypress/integration/features/filters/pin-filter-from-dashboard-to-events.feature:13164:35)",
                "diff": null
              },
              "uuid": "347faa99-1362-4843-bd7f-222fe40b14c7",
              "parentUUID": "8604e4ec-c0d2-46df-99bf-887be76491d7",
              "isHook": false,
              "skipped": false
            },
            {
              "title": "The user add and pin new filer - across the modules - from dashboard to event page GDPR (example #5)",
              "fullTitle": "Pin filter The user add and pin new filer - across the modules - from dashboard to event page GDPR (example #5)",
              "timedOut": null,
              "duration": 46017,
              "state": "failed",
              "speed": null,
              "pass": false,
              "fail": true,
              "pending": false,
              "context": null,
              "code": "const state = window.testState;\nreturn cy\n  .then(() => state.onStartScenario(scenario, indexedSteps))\n  .then(() =>\n    resolveAndRunBeforeHooks.call(this, scenario.tags, state.feature.name)\n  )\n  .then(() =>\n    indexedSteps.forEach((step) =>\n      stepTest.call(this, state, step, rowData)\n    )\n  )\n  .then(() => state.onFinishScenario(scenario));",
              "err": {
                "message": "AssertionError: Timed out retrying after 40000ms: expected '<button.euiButtonEmpty.euiButtonEmpty--primary.euiButtonEmpty--small.globalFilterBar__addButton>' to be 'visible'\n\nThis element `<button.euiButtonEmpty.euiButtonEmpty--primary.euiButtonEmpty--small.globalFilterBar__addButton>` is not visible because its parent `<kbn-dis.hide-filter-control.ng-hide>` has CSS property: `display: none`",
                "estack": "AssertionError: Timed out retrying after 40000ms: expected '<button.euiButtonEmpty.euiButtonEmpty--primary.euiButtonEmpty--small.globalFilterBar__addButton>' to be 'visible'\n\nThis element `<button.euiButtonEmpty.euiButtonEmpty--primary.euiButtonEmpty--small.globalFilterBar__addButton>` is not visible because its parent `<kbn-dis.hide-filter-control.ng-hide>` has CSS property: `display: none`\n    at elementIsVisible (https://localhost:5601/__cypress/tests?p=cypress/integration/features/filters/pin-filter-from-dashboard-to-events.feature:2409:47)\n    at Context.eval (https://localhost:5601/__cypress/tests?p=cypress/integration/features/filters/pin-filter-from-dashboard-to-events.feature:1199:32)\n    at Context.resolveAndRunStepDefinition (https://localhost:5601/__cypress/tests?p=cypress/integration/features/filters/pin-filter-from-dashboard-to-events.feature:13843:29)\n    at Context.eval (https://localhost:5601/__cypress/tests?p=cypress/integration/features/filters/pin-filter-from-dashboard-to-events.feature:13164:35)",
                "diff": null
              },
              "uuid": "8ed6f04d-bc42-418f-90b8-8d83a3724e19",
              "parentUUID": "8604e4ec-c0d2-46df-99bf-887be76491d7",
              "isHook": false,
              "skipped": false
            },
            {
              "title": "The user add and pin new filer - across the modules - from dashboard to event page HIPAA (example #6)",
              "fullTitle": "Pin filter The user add and pin new filer - across the modules - from dashboard to event page HIPAA (example #6)",
              "timedOut": null,
              "duration": 44395,
              "state": "failed",
              "speed": null,
              "pass": false,
              "fail": true,
              "pending": false,
              "context": null,
              "code": "const state = window.testState;\nreturn cy\n  .then(() => state.onStartScenario(scenario, indexedSteps))\n  .then(() =>\n    resolveAndRunBeforeHooks.call(this, scenario.tags, state.feature.name)\n  )\n  .then(() =>\n    indexedSteps.forEach((step) =>\n      stepTest.call(this, state, step, rowData)\n    )\n  )\n  .then(() => state.onFinishScenario(scenario));",
              "err": {
                "message": "AssertionError: Timed out retrying after 40000ms: expected '<button.euiButtonEmpty.euiButtonEmpty--primary.euiButtonEmpty--small.globalFilterBar__addButton>' to be 'visible'\n\nThis element `<button.euiButtonEmpty.euiButtonEmpty--primary.euiButtonEmpty--small.globalFilterBar__addButton>` is not visible because its parent `<kbn-dis.hide-filter-control.ng-hide>` has CSS property: `display: none`",
                "estack": "AssertionError: Timed out retrying after 40000ms: expected '<button.euiButtonEmpty.euiButtonEmpty--primary.euiButtonEmpty--small.globalFilterBar__addButton>' to be 'visible'\n\nThis element `<button.euiButtonEmpty.euiButtonEmpty--primary.euiButtonEmpty--small.globalFilterBar__addButton>` is not visible because its parent `<kbn-dis.hide-filter-control.ng-hide>` has CSS property: `display: none`\n    at elementIsVisible (https://localhost:5601/__cypress/tests?p=cypress/integration/features/filters/pin-filter-from-dashboard-to-events.feature:2409:47)\n    at Context.eval (https://localhost:5601/__cypress/tests?p=cypress/integration/features/filters/pin-filter-from-dashboard-to-events.feature:1199:32)\n    at Context.resolveAndRunStepDefinition (https://localhost:5601/__cypress/tests?p=cypress/integration/features/filters/pin-filter-from-dashboard-to-events.feature:13843:29)\n    at Context.eval (https://localhost:5601/__cypress/tests?p=cypress/integration/features/filters/pin-filter-from-dashboard-to-events.feature:13164:35)",
                "diff": null
              },
              "uuid": "e6f05697-9558-44dd-8697-294b0876383e",
              "parentUUID": "8604e4ec-c0d2-46df-99bf-887be76491d7",
              "isHook": false,
              "skipped": false
            },
            {
              "title": "The user add and pin new filer - across the modules - from dashboard to event page NIST (example #7)",
              "fullTitle": "Pin filter The user add and pin new filer - across the modules - from dashboard to event page NIST (example #7)",
              "timedOut": null,
              "duration": 46599,
              "state": "failed",
              "speed": null,
              "pass": false,
              "fail": true,
              "pending": false,
              "context": null,
              "code": "const state = window.testState;\nreturn cy\n  .then(() => state.onStartScenario(scenario, indexedSteps))\n  .then(() =>\n    resolveAndRunBeforeHooks.call(this, scenario.tags, state.feature.name)\n  )\n  .then(() =>\n    indexedSteps.forEach((step) =>\n      stepTest.call(this, state, step, rowData)\n    )\n  )\n  .then(() => state.onFinishScenario(scenario));",
              "err": {
                "message": "AssertionError: Timed out retrying after 40000ms: expected '<button.euiButtonEmpty.euiButtonEmpty--primary.euiButtonEmpty--small.globalFilterBar__addButton>' to be 'visible'\n\nThis element `<button.euiButtonEmpty.euiButtonEmpty--primary.euiButtonEmpty--small.globalFilterBar__addButton>` is not visible because its parent `<kbn-dis.hide-filter-control.ng-hide>` has CSS property: `display: none`",
                "estack": "AssertionError: Timed out retrying after 40000ms: expected '<button.euiButtonEmpty.euiButtonEmpty--primary.euiButtonEmpty--small.globalFilterBar__addButton>' to be 'visible'\n\nThis element `<button.euiButtonEmpty.euiButtonEmpty--primary.euiButtonEmpty--small.globalFilterBar__addButton>` is not visible because its parent `<kbn-dis.hide-filter-control.ng-hide>` has CSS property: `display: none`\n    at elementIsVisible (https://localhost:5601/__cypress/tests?p=cypress/integration/features/filters/pin-filter-from-dashboard-to-events.feature:2409:47)\n    at Context.eval (https://localhost:5601/__cypress/tests?p=cypress/integration/features/filters/pin-filter-from-dashboard-to-events.feature:1199:32)\n    at Context.resolveAndRunStepDefinition (https://localhost:5601/__cypress/tests?p=cypress/integration/features/filters/pin-filter-from-dashboard-to-events.feature:13843:29)\n    at Context.eval (https://localhost:5601/__cypress/tests?p=cypress/integration/features/filters/pin-filter-from-dashboard-to-events.feature:13164:35)",
                "diff": null
              },
              "uuid": "9f7da713-ee5f-41c4-a9cf-a9252de81bb2",
              "parentUUID": "8604e4ec-c0d2-46df-99bf-887be76491d7",
              "isHook": false,
              "skipped": false
            },
            {
              "title": "The user add and pin new filer - across the modules - from dashboard to event page TSC (example #8)",
              "fullTitle": "Pin filter The user add and pin new filer - across the modules - from dashboard to event page TSC (example #8)",
              "timedOut": null,
              "duration": 45581,
              "state": "failed",
              "speed": null,
              "pass": false,
              "fail": true,
              "pending": false,
              "context": null,
              "code": "const state = window.testState;\nreturn cy\n  .then(() => state.onStartScenario(scenario, indexedSteps))\n  .then(() =>\n    resolveAndRunBeforeHooks.call(this, scenario.tags, state.feature.name)\n  )\n  .then(() =>\n    indexedSteps.forEach((step) =>\n      stepTest.call(this, state, step, rowData)\n    )\n  )\n  .then(() => state.onFinishScenario(scenario));",
              "err": {
                "message": "AssertionError: Timed out retrying after 40000ms: expected '<button.euiButtonEmpty.euiButtonEmpty--primary.euiButtonEmpty--small.globalFilterBar__addButton>' to be 'visible'\n\nThis element `<button.euiButtonEmpty.euiButtonEmpty--primary.euiButtonEmpty--small.globalFilterBar__addButton>` is not visible because its parent `<kbn-dis.hide-filter-control.ng-hide>` has CSS property: `display: none`",
                "estack": "AssertionError: Timed out retrying after 40000ms: expected '<button.euiButtonEmpty.euiButtonEmpty--primary.euiButtonEmpty--small.globalFilterBar__addButton>' to be 'visible'\n\nThis element `<button.euiButtonEmpty.euiButtonEmpty--primary.euiButtonEmpty--small.globalFilterBar__addButton>` is not visible because its parent `<kbn-dis.hide-filter-control.ng-hide>` has CSS property: `display: none`\n    at elementIsVisible (https://localhost:5601/__cypress/tests?p=cypress/integration/features/filters/pin-filter-from-dashboard-to-events.feature:2409:47)\n    at Context.eval (https://localhost:5601/__cypress/tests?p=cypress/integration/features/filters/pin-filter-from-dashboard-to-events.feature:1199:32)\n    at Context.resolveAndRunStepDefinition (https://localhost:5601/__cypress/tests?p=cypress/integration/features/filters/pin-filter-from-dashboard-to-events.feature:13843:29)\n    at Context.eval (https://localhost:5601/__cypress/tests?p=cypress/integration/features/filters/pin-filter-from-dashboard-to-events.feature:13164:35)",
                "diff": null
              },
              "uuid": "cc3c4f77-e090-4477-8bde-22539303e77c",
              "parentUUID": "8604e4ec-c0d2-46df-99bf-887be76491d7",
              "isHook": false,
              "skipped": false
            },
            {
              "title": "The user add and pin new filer - across the modules - from dashboard to event page Policy Monitoring (example #9)",
              "fullTitle": "Pin filter The user add and pin new filer - across the modules - from dashboard to event page Policy Monitoring (example #9)",
              "timedOut": null,
              "duration": 44376,
              "state": "failed",
              "speed": null,
              "pass": false,
              "fail": true,
              "pending": false,
              "context": null,
              "code": "const state = window.testState;\nreturn cy\n  .then(() => state.onStartScenario(scenario, indexedSteps))\n  .then(() =>\n    resolveAndRunBeforeHooks.call(this, scenario.tags, state.feature.name)\n  )\n  .then(() =>\n    indexedSteps.forEach((step) =>\n      stepTest.call(this, state, step, rowData)\n    )\n  )\n  .then(() => state.onFinishScenario(scenario));",
              "err": {
                "message": "AssertionError: Timed out retrying after 40000ms: expected '<button.euiButtonEmpty.euiButtonEmpty--primary.euiButtonEmpty--small.globalFilterBar__addButton>' to be 'visible'\n\nThis element `<button.euiButtonEmpty.euiButtonEmpty--primary.euiButtonEmpty--small.globalFilterBar__addButton>` is not visible because its parent `<kbn-dis.hide-filter-control.ng-hide>` has CSS property: `display: none`",
                "estack": "AssertionError: Timed out retrying after 40000ms: expected '<button.euiButtonEmpty.euiButtonEmpty--primary.euiButtonEmpty--small.globalFilterBar__addButton>' to be 'visible'\n\nThis element `<button.euiButtonEmpty.euiButtonEmpty--primary.euiButtonEmpty--small.globalFilterBar__addButton>` is not visible because its parent `<kbn-dis.hide-filter-control.ng-hide>` has CSS property: `display: none`\n    at elementIsVisible (https://localhost:5601/__cypress/tests?p=cypress/integration/features/filters/pin-filter-from-dashboard-to-events.feature:2409:47)\n    at Context.eval (https://localhost:5601/__cypress/tests?p=cypress/integration/features/filters/pin-filter-from-dashboard-to-events.feature:1199:32)\n    at Context.resolveAndRunStepDefinition (https://localhost:5601/__cypress/tests?p=cypress/integration/features/filters/pin-filter-from-dashboard-to-events.feature:13843:29)\n    at Context.eval (https://localhost:5601/__cypress/tests?p=cypress/integration/features/filters/pin-filter-from-dashboard-to-events.feature:13164:35)",
                "diff": null
              },
              "uuid": "dcdd1b95-7374-4dd4-98be-3258f49ccced",
              "parentUUID": "8604e4ec-c0d2-46df-99bf-887be76491d7",
              "isHook": false,
              "skipped": false
            },
            {
              "title": "The user add and pin new filer - across the modules - from dashboard to event page PCIDSS (example #10)",
              "fullTitle": "Pin filter The user add and pin new filer - across the modules - from dashboard to event page PCIDSS (example #10)",
              "timedOut": null,
              "duration": 47317,
              "state": "failed",
              "speed": null,
              "pass": false,
              "fail": true,
              "pending": false,
              "context": null,
              "code": "const state = window.testState;\nreturn cy\n  .then(() => state.onStartScenario(scenario, indexedSteps))\n  .then(() =>\n    resolveAndRunBeforeHooks.call(this, scenario.tags, state.feature.name)\n  )\n  .then(() =>\n    indexedSteps.forEach((step) =>\n      stepTest.call(this, state, step, rowData)\n    )\n  )\n  .then(() => state.onFinishScenario(scenario));",
              "err": {
                "message": "AssertionError: Timed out retrying after 40000ms: expected '<button.euiButtonEmpty.euiButtonEmpty--primary.euiButtonEmpty--small.globalFilterBar__addButton>' to be 'visible'\n\nThis element `<button.euiButtonEmpty.euiButtonEmpty--primary.euiButtonEmpty--small.globalFilterBar__addButton>` is not visible because its parent `<kbn-dis.hide-filter-control.ng-hide>` has CSS property: `display: none`",
                "estack": "AssertionError: Timed out retrying after 40000ms: expected '<button.euiButtonEmpty.euiButtonEmpty--primary.euiButtonEmpty--small.globalFilterBar__addButton>' to be 'visible'\n\nThis element `<button.euiButtonEmpty.euiButtonEmpty--primary.euiButtonEmpty--small.globalFilterBar__addButton>` is not visible because its parent `<kbn-dis.hide-filter-control.ng-hide>` has CSS property: `display: none`\n    at elementIsVisible (https://localhost:5601/__cypress/tests?p=cypress/integration/features/filters/pin-filter-from-dashboard-to-events.feature:2409:47)\n    at Context.eval (https://localhost:5601/__cypress/tests?p=cypress/integration/features/filters/pin-filter-from-dashboard-to-events.feature:1199:32)\n    at Context.resolveAndRunStepDefinition (https://localhost:5601/__cypress/tests?p=cypress/integration/features/filters/pin-filter-from-dashboard-to-events.feature:13843:29)\n    at Context.eval (https://localhost:5601/__cypress/tests?p=cypress/integration/features/filters/pin-filter-from-dashboard-to-events.feature:13164:35)",
                "diff": null
              },
              "uuid": "5feb1574-6b66-4621-8e3d-3b9756c86c35",
              "parentUUID": "8604e4ec-c0d2-46df-99bf-887be76491d7",
              "isHook": false,
              "skipped": false
            }
          ],
          "suites": [],
          "passes": [],
          "failures": [
            "b1a805a5-79c6-4519-981b-040bb02f3d76",
            "64f656aa-601d-4e56-992f-568bc7c3378f",
            "792df31a-a88d-4469-803d-9b40d72d656b",
            "347faa99-1362-4843-bd7f-222fe40b14c7",
            "8ed6f04d-bc42-418f-90b8-8d83a3724e19",
            "e6f05697-9558-44dd-8697-294b0876383e",
            "9f7da713-ee5f-41c4-a9cf-a9252de81bb2",
            "cc3c4f77-e090-4477-8bde-22539303e77c",
            "dcdd1b95-7374-4dd4-98be-3258f49ccced",
            "5feb1574-6b66-4621-8e3d-3b9756c86c35"
          ],
          "pending": [],
          "skipped": [],
          "duration": 476010,
          "root": false,
          "rootEmpty": false,
          "_timeout": 2000
        }
      ],
      "passes": [],
      "failures": [],
      "pending": [],
      "skipped": [],
      "duration": 0,
      "root": true,
      "rootEmpty": true,
      "_timeout": 2000
    }
  ],
  "meta": {
    "mocha": {
      "version": "7.0.1"
    },
    "mochawesome": {
      "options": {
        "quiet": false,
        "reportFilename": "mochawesome",
        "saveHtml": true,
        "saveJson": true,
        "consoleReporter": "spec",
        "useInlineDiffs": false,
        "code": true
      },
      "version": "7.1.3"
    },
    "marge": {
      "options": {
        "charts": true,
        "overwrite": false,
        "html": true,
        "json": true,
        "reportDir": "cypress/report/mochawesome-report",
        "mochaFile": "cypress/report/output.html"
      },
      "version": "6.2.0"
    }
  }
}