{
  "stats": {
    "suites": 1,
    "tests": 10,
    "passes": 9,
    "pending": 0,
    "failures": 1,
    "start": "2022-06-10T17:42:04.634Z",
    "end": "2022-06-10T17:46:22.361Z",
    "duration": 257727,
    "testsRegistered": 10,
    "passPercent": 90,
    "pendingPercent": 0,
    "other": 0,
    "hasOther": false,
    "skipped": 0,
    "hasSkipped": false
  },
  "results": [
    {
      "uuid": "47cc83df-a0b7-4b9f-9144-b6ac800198ba",
      "title": "",
      "fullFile": "cypress/integration/features/filters/add-filter-from-agent.feature",
      "file": "cypress/integration/features/filters/add-filter-from-agent.feature",
      "beforeHooks": [],
      "afterHooks": [],
      "tests": [],
      "suites": [
        {
          "uuid": "cc1531e9-4b32-438c-87db-168f94ff8c1c",
          "title": "Validate that the pinned filter label is displayed",
          "fullFile": "",
          "file": "",
          "beforeHooks": [],
          "afterHooks": [],
          "tests": [
            {
              "title": "The user add and pin filter - Check across the modules Security Events (example #1)",
              "fullTitle": "Validate that the pinned filter label is displayed The user add and pin filter - Check across the modules Security Events (example #1)",
              "timedOut": null,
              "duration": 43817,
              "state": "passed",
              "speed": "slow",
              "pass": true,
              "fail": false,
              "pending": false,
              "context": null,
              "code": "const state = window.testState;\nreturn cy\n  .then(() => state.onStartScenario(scenario, indexedSteps))\n  .then(() =>\n    resolveAndRunBeforeHooks.call(this, scenario.tags, state.feature.name)\n  )\n  .then(() =>\n    indexedSteps.forEach((step) =>\n      stepTest.call(this, state, step, rowData)\n    )\n  )\n  .then(() => state.onFinishScenario(scenario));",
              "err": {},
              "uuid": "9affb1b6-c4e0-45b0-b155-05242035b465",
              "parentUUID": "cc1531e9-4b32-438c-87db-168f94ff8c1c",
              "isHook": false,
              "skipped": false
            },
            {
              "title": "The user add and pin filter - Check across the modules Integrity Monitoring (example #2)",
              "fullTitle": "Validate that the pinned filter label is displayed The user add and pin filter - Check across the modules Integrity Monitoring (example #2)",
              "timedOut": null,
              "duration": 19662,
              "state": "passed",
              "speed": "slow",
              "pass": true,
              "fail": false,
              "pending": false,
              "context": null,
              "code": "const state = window.testState;\nreturn cy\n  .then(() => state.onStartScenario(scenario, indexedSteps))\n  .then(() =>\n    resolveAndRunBeforeHooks.call(this, scenario.tags, state.feature.name)\n  )\n  .then(() =>\n    indexedSteps.forEach((step) =>\n      stepTest.call(this, state, step, rowData)\n    )\n  )\n  .then(() => state.onFinishScenario(scenario));",
              "err": {},
              "uuid": "b0d7d943-1166-4fc7-bdb7-cae33c797aca",
              "parentUUID": "cc1531e9-4b32-438c-87db-168f94ff8c1c",
              "isHook": false,
              "skipped": false
            },
            {
              "title": "The user add and pin filter - Check across the modules System Auditing (example #3)",
              "fullTitle": "Validate that the pinned filter label is displayed The user add and pin filter - Check across the modules System Auditing (example #3)",
              "timedOut": null,
              "duration": 46621,
              "state": "failed",
              "speed": null,
              "pass": false,
              "fail": true,
              "pending": false,
              "context": null,
              "code": "const state = window.testState;\nreturn cy\n  .then(() => state.onStartScenario(scenario, indexedSteps))\n  .then(() =>\n    resolveAndRunBeforeHooks.call(this, scenario.tags, state.feature.name)\n  )\n  .then(() =>\n    indexedSteps.forEach((step) =>\n      stepTest.call(this, state, step, rowData)\n    )\n  )\n  .then(() => state.onFinishScenario(scenario));",
              "err": {
                "message": "AssertionError: Timed out retrying after 40000ms: Expected to find element: `//*[contains(@class,\"wz-module-header-agent-main\")]//*/button//*/span[contains(text(),\"More\")]`, but never found it.",
                "estack": "AssertionError: Timed out retrying after 40000ms: Expected to find element: `//*[contains(@class,\"wz-module-header-agent-main\")]//*/button//*/span[contains(text(),\"More\")]`, but never found it.\n    at xpathElementIsVisible (https://localhost:5601/__cypress/tests?p=cypress/integration/features/filters/add-filter-from-agent.feature:2474:43)\n    at Context.eval (https://localhost:5601/__cypress/tests?p=cypress/integration/features/filters/add-filter-from-agent.feature:1312:37)\n    at Context.resolveAndRunStepDefinition (https://localhost:5601/__cypress/tests?p=cypress/integration/features/filters/add-filter-from-agent.feature:13166:29)\n    at Context.eval (https://localhost:5601/__cypress/tests?p=cypress/integration/features/filters/add-filter-from-agent.feature:12487:35)",
                "diff": null
              },
              "uuid": "2c9862cf-52bc-42d3-b3d7-c6b020929912",
              "parentUUID": "cc1531e9-4b32-438c-87db-168f94ff8c1c",
              "isHook": false,
              "skipped": false
            },
            {
              "title": "The user add and pin filter - Check across the modules Mitre & Attack (example #4)",
              "fullTitle": "Validate that the pinned filter label is displayed The user add and pin filter - Check across the modules Mitre & Attack (example #4)",
              "timedOut": null,
              "duration": 21186,
              "state": "passed",
              "speed": "slow",
              "pass": true,
              "fail": false,
              "pending": false,
              "context": null,
              "code": "const state = window.testState;\nreturn cy\n  .then(() => state.onStartScenario(scenario, indexedSteps))\n  .then(() =>\n    resolveAndRunBeforeHooks.call(this, scenario.tags, state.feature.name)\n  )\n  .then(() =>\n    indexedSteps.forEach((step) =>\n      stepTest.call(this, state, step, rowData)\n    )\n  )\n  .then(() => state.onFinishScenario(scenario));",
              "err": {},
              "uuid": "5b00e394-9ba0-44ab-a205-8a475a5d4edb",
              "parentUUID": "cc1531e9-4b32-438c-87db-168f94ff8c1c",
              "isHook": false,
              "skipped": false
            },
            {
              "title": "The user add and pin filter - Check across the modules GDPR (example #5)",
              "fullTitle": "Validate that the pinned filter label is displayed The user add and pin filter - Check across the modules GDPR (example #5)",
              "timedOut": null,
              "duration": 21005,
              "state": "passed",
              "speed": "slow",
              "pass": true,
              "fail": false,
              "pending": false,
              "context": null,
              "code": "const state = window.testState;\nreturn cy\n  .then(() => state.onStartScenario(scenario, indexedSteps))\n  .then(() =>\n    resolveAndRunBeforeHooks.call(this, scenario.tags, state.feature.name)\n  )\n  .then(() =>\n    indexedSteps.forEach((step) =>\n      stepTest.call(this, state, step, rowData)\n    )\n  )\n  .then(() => state.onFinishScenario(scenario));",
              "err": {},
              "uuid": "a3c0ff8f-15a3-47b9-88cb-f7fc6c694034",
              "parentUUID": "cc1531e9-4b32-438c-87db-168f94ff8c1c",
              "isHook": false,
              "skipped": false
            },
            {
              "title": "The user add and pin filter - Check across the modules HIPAA (example #6)",
              "fullTitle": "Validate that the pinned filter label is displayed The user add and pin filter - Check across the modules HIPAA (example #6)",
              "timedOut": null,
              "duration": 19682,
              "state": "passed",
              "speed": "slow",
              "pass": true,
              "fail": false,
              "pending": false,
              "context": null,
              "code": "const state = window.testState;\nreturn cy\n  .then(() => state.onStartScenario(scenario, indexedSteps))\n  .then(() =>\n    resolveAndRunBeforeHooks.call(this, scenario.tags, state.feature.name)\n  )\n  .then(() =>\n    indexedSteps.forEach((step) =>\n      stepTest.call(this, state, step, rowData)\n    )\n  )\n  .then(() => state.onFinishScenario(scenario));",
              "err": {},
              "uuid": "d0d2cd99-f451-440d-9ed6-90b6bf833378",
              "parentUUID": "cc1531e9-4b32-438c-87db-168f94ff8c1c",
              "isHook": false,
              "skipped": false
            },
            {
              "title": "The user add and pin filter - Check across the modules NIST (example #7)",
              "fullTitle": "Validate that the pinned filter label is displayed The user add and pin filter - Check across the modules NIST (example #7)",
              "timedOut": null,
              "duration": 22383,
              "state": "passed",
              "speed": "slow",
              "pass": true,
              "fail": false,
              "pending": false,
              "context": null,
              "code": "const state = window.testState;\nreturn cy\n  .then(() => state.onStartScenario(scenario, indexedSteps))\n  .then(() =>\n    resolveAndRunBeforeHooks.call(this, scenario.tags, state.feature.name)\n  )\n  .then(() =>\n    indexedSteps.forEach((step) =>\n      stepTest.call(this, state, step, rowData)\n    )\n  )\n  .then(() => state.onFinishScenario(scenario));",
              "err": {},
              "uuid": "27c86044-6488-433e-9815-f4ad30c8f6b3",
              "parentUUID": "cc1531e9-4b32-438c-87db-168f94ff8c1c",
              "isHook": false,
              "skipped": false
            },
            {
              "title": "The user add and pin filter - Check across the modules TSC (example #8)",
              "fullTitle": "Validate that the pinned filter label is displayed The user add and pin filter - Check across the modules TSC (example #8)",
              "timedOut": null,
              "duration": 18874,
              "state": "passed",
              "speed": "slow",
              "pass": true,
              "fail": false,
              "pending": false,
              "context": null,
              "code": "const state = window.testState;\nreturn cy\n  .then(() => state.onStartScenario(scenario, indexedSteps))\n  .then(() =>\n    resolveAndRunBeforeHooks.call(this, scenario.tags, state.feature.name)\n  )\n  .then(() =>\n    indexedSteps.forEach((step) =>\n      stepTest.call(this, state, step, rowData)\n    )\n  )\n  .then(() => state.onFinishScenario(scenario));",
              "err": {},
              "uuid": "dbe6a2f8-f5ce-47c3-ab15-8047f150cc6e",
              "parentUUID": "cc1531e9-4b32-438c-87db-168f94ff8c1c",
              "isHook": false,
              "skipped": false
            },
            {
              "title": "The user add and pin filter - Check across the modules Policy Monitoring (example #9)",
              "fullTitle": "Validate that the pinned filter label is displayed The user add and pin filter - Check across the modules Policy Monitoring (example #9)",
              "timedOut": null,
              "duration": 20051,
              "state": "passed",
              "speed": "slow",
              "pass": true,
              "fail": false,
              "pending": false,
              "context": null,
              "code": "const state = window.testState;\nreturn cy\n  .then(() => state.onStartScenario(scenario, indexedSteps))\n  .then(() =>\n    resolveAndRunBeforeHooks.call(this, scenario.tags, state.feature.name)\n  )\n  .then(() =>\n    indexedSteps.forEach((step) =>\n      stepTest.call(this, state, step, rowData)\n    )\n  )\n  .then(() => state.onFinishScenario(scenario));",
              "err": {},
              "uuid": "06ef2bd5-05b3-41d9-827f-59821b191729",
              "parentUUID": "cc1531e9-4b32-438c-87db-168f94ff8c1c",
              "isHook": false,
              "skipped": false
            },
            {
              "title": "The user add and pin filter - Check across the modules PCIDSS (example #10)",
              "fullTitle": "Validate that the pinned filter label is displayed The user add and pin filter - Check across the modules PCIDSS (example #10)",
              "timedOut": null,
              "duration": 19187,
              "state": "passed",
              "speed": "slow",
              "pass": true,
              "fail": false,
              "pending": false,
              "context": null,
              "code": "const state = window.testState;\nreturn cy\n  .then(() => state.onStartScenario(scenario, indexedSteps))\n  .then(() =>\n    resolveAndRunBeforeHooks.call(this, scenario.tags, state.feature.name)\n  )\n  .then(() =>\n    indexedSteps.forEach((step) =>\n      stepTest.call(this, state, step, rowData)\n    )\n  )\n  .then(() => state.onFinishScenario(scenario));",
              "err": {},
              "uuid": "9fe31dc8-986d-4aa1-b245-c13dbe0c2981",
              "parentUUID": "cc1531e9-4b32-438c-87db-168f94ff8c1c",
              "isHook": false,
              "skipped": false
            }
          ],
          "suites": [],
          "passes": [
            "9affb1b6-c4e0-45b0-b155-05242035b465",
            "b0d7d943-1166-4fc7-bdb7-cae33c797aca",
            "5b00e394-9ba0-44ab-a205-8a475a5d4edb",
            "a3c0ff8f-15a3-47b9-88cb-f7fc6c694034",
            "d0d2cd99-f451-440d-9ed6-90b6bf833378",
            "27c86044-6488-433e-9815-f4ad30c8f6b3",
            "dbe6a2f8-f5ce-47c3-ab15-8047f150cc6e",
            "06ef2bd5-05b3-41d9-827f-59821b191729",
            "9fe31dc8-986d-4aa1-b245-c13dbe0c2981"
          ],
          "failures": [
            "2c9862cf-52bc-42d3-b3d7-c6b020929912"
          ],
          "pending": [],
          "skipped": [],
          "duration": 252468,
          "root": false,
          "rootEmpty": false,
          "_timeout": 2000
        }
      ],
      "passes": [],
      "failures": [],
      "pending": [],
      "skipped": [],
      "duration": 0,
      "root": true,
      "rootEmpty": true,
      "_timeout": 2000
    }
  ],
  "meta": {
    "mocha": {
      "version": "7.0.1"
    },
    "mochawesome": {
      "options": {
        "quiet": false,
        "reportFilename": "mochawesome",
        "saveHtml": true,
        "saveJson": true,
        "consoleReporter": "spec",
        "useInlineDiffs": false,
        "code": true
      },
      "version": "7.1.3"
    },
    "marge": {
      "options": {
        "charts": true,
        "overwrite": false,
        "html": true,
        "json": true,
        "reportDir": "cypress/report/mochawesome-report",
        "mochaFile": "cypress/report/output.html"
      },
      "version": "6.2.0"
    }
  }
}