{
  "stats": {
    "suites": 1,
    "tests": 10,
    "passes": 10,
    "pending": 0,
    "failures": 0,
    "start": "2022-06-10T17:36:24.790Z",
    "end": "2022-06-10T17:41:35.159Z",
    "duration": 310369,
    "testsRegistered": 10,
    "passPercent": 100,
    "pendingPercent": 0,
    "other": 0,
    "hasOther": false,
    "skipped": 0,
    "hasSkipped": false
  },
  "results": [
    {
      "uuid": "e7ade809-2dcb-40dc-b4ea-1ab4e5ef7794",
      "title": "",
      "fullFile": "cypress/integration/features/filters/add-filter-from-agent-events.feature",
      "file": "cypress/integration/features/filters/add-filter-from-agent-events.feature",
      "beforeHooks": [],
      "afterHooks": [],
      "tests": [],
      "suites": [
        {
          "uuid": "50778982-c8c8-48f4-862c-ad580a473a5b",
          "title": "Validate that the pinned filter label is displayed",
          "fullFile": "",
          "file": "",
          "beforeHooks": [],
          "afterHooks": [],
          "tests": [
            {
              "title": "The user add and pin filter - Check across the modules - from event page - Security Events (example #1)",
              "fullTitle": "Validate that the pinned filter label is displayed The user add and pin filter - Check across the modules - from event page - Security Events (example #1)",
              "timedOut": null,
              "duration": 51245,
              "state": "passed",
              "speed": "slow",
              "pass": true,
              "fail": false,
              "pending": false,
              "context": null,
              "code": "const state = window.testState;\nreturn cy\n  .then(() => state.onStartScenario(scenario, indexedSteps))\n  .then(() =>\n    resolveAndRunBeforeHooks.call(this, scenario.tags, state.feature.name)\n  )\n  .then(() =>\n    indexedSteps.forEach((step) =>\n      stepTest.call(this, state, step, rowData)\n    )\n  )\n  .then(() => state.onFinishScenario(scenario));",
              "err": {},
              "uuid": "5c99bc19-6e00-490d-84a8-6ef84d9bbe25",
              "parentUUID": "50778982-c8c8-48f4-862c-ad580a473a5b",
              "isHook": false,
              "skipped": false
            },
            {
              "title": "The user add and pin filter - Check across the modules - from event page - Integrity Monitoring (example #2)",
              "fullTitle": "Validate that the pinned filter label is displayed The user add and pin filter - Check across the modules - from event page - Integrity Monitoring (example #2)",
              "timedOut": null,
              "duration": 20507,
              "state": "passed",
              "speed": "slow",
              "pass": true,
              "fail": false,
              "pending": false,
              "context": null,
              "code": "const state = window.testState;\nreturn cy\n  .then(() => state.onStartScenario(scenario, indexedSteps))\n  .then(() =>\n    resolveAndRunBeforeHooks.call(this, scenario.tags, state.feature.name)\n  )\n  .then(() =>\n    indexedSteps.forEach((step) =>\n      stepTest.call(this, state, step, rowData)\n    )\n  )\n  .then(() => state.onFinishScenario(scenario));",
              "err": {},
              "uuid": "63340be8-90ae-457e-bd76-fa651c5bdb65",
              "parentUUID": "50778982-c8c8-48f4-862c-ad580a473a5b",
              "isHook": false,
              "skipped": false
            },
            {
              "title": "The user add and pin filter - Check across the modules - from event page - System Auditing (example #3)",
              "fullTitle": "Validate that the pinned filter label is displayed The user add and pin filter - Check across the modules - from event page - System Auditing (example #3)",
              "timedOut": null,
              "duration": 18261,
              "state": "passed",
              "speed": "slow",
              "pass": true,
              "fail": false,
              "pending": false,
              "context": null,
              "code": "const state = window.testState;\nreturn cy\n  .then(() => state.onStartScenario(scenario, indexedSteps))\n  .then(() =>\n    resolveAndRunBeforeHooks.call(this, scenario.tags, state.feature.name)\n  )\n  .then(() =>\n    indexedSteps.forEach((step) =>\n      stepTest.call(this, state, step, rowData)\n    )\n  )\n  .then(() => state.onFinishScenario(scenario));",
              "err": {},
              "uuid": "4c285290-2375-4707-b518-38d3b363b905",
              "parentUUID": "50778982-c8c8-48f4-862c-ad580a473a5b",
              "isHook": false,
              "skipped": false
            },
            {
              "title": "The user add and pin filter - Check across the modules - from event page - Mitre & Attack (example #4)",
              "fullTitle": "Validate that the pinned filter label is displayed The user add and pin filter - Check across the modules - from event page - Mitre & Attack (example #4)",
              "timedOut": null,
              "duration": 21963,
              "state": "passed",
              "speed": "slow",
              "pass": true,
              "fail": false,
              "pending": false,
              "context": null,
              "code": "const state = window.testState;\nreturn cy\n  .then(() => state.onStartScenario(scenario, indexedSteps))\n  .then(() =>\n    resolveAndRunBeforeHooks.call(this, scenario.tags, state.feature.name)\n  )\n  .then(() =>\n    indexedSteps.forEach((step) =>\n      stepTest.call(this, state, step, rowData)\n    )\n  )\n  .then(() => state.onFinishScenario(scenario));",
              "err": {},
              "uuid": "26dffe0e-3cf2-4db5-8a34-95dd58e31c73",
              "parentUUID": "50778982-c8c8-48f4-862c-ad580a473a5b",
              "isHook": false,
              "skipped": false
            },
            {
              "title": "The user add and pin filter - Check across the modules - from event page - GDPR (example #5)",
              "fullTitle": "Validate that the pinned filter label is displayed The user add and pin filter - Check across the modules - from event page - GDPR (example #5)",
              "timedOut": null,
              "duration": 36657,
              "state": "passed",
              "speed": "slow",
              "pass": true,
              "fail": false,
              "pending": false,
              "context": null,
              "code": "const state = window.testState;\nreturn cy\n  .then(() => state.onStartScenario(scenario, indexedSteps))\n  .then(() =>\n    resolveAndRunBeforeHooks.call(this, scenario.tags, state.feature.name)\n  )\n  .then(() =>\n    indexedSteps.forEach((step) =>\n      stepTest.call(this, state, step, rowData)\n    )\n  )\n  .then(() => state.onFinishScenario(scenario));",
              "err": {},
              "uuid": "30a9ce99-01e0-4dd5-9f65-ed07eb377ee2",
              "parentUUID": "50778982-c8c8-48f4-862c-ad580a473a5b",
              "isHook": false,
              "skipped": false
            },
            {
              "title": "The user add and pin filter - Check across the modules - from event page - HIPAA (example #6)",
              "fullTitle": "Validate that the pinned filter label is displayed The user add and pin filter - Check across the modules - from event page - HIPAA (example #6)",
              "timedOut": null,
              "duration": 34593,
              "state": "passed",
              "speed": "slow",
              "pass": true,
              "fail": false,
              "pending": false,
              "context": null,
              "code": "const state = window.testState;\nreturn cy\n  .then(() => state.onStartScenario(scenario, indexedSteps))\n  .then(() =>\n    resolveAndRunBeforeHooks.call(this, scenario.tags, state.feature.name)\n  )\n  .then(() =>\n    indexedSteps.forEach((step) =>\n      stepTest.call(this, state, step, rowData)\n    )\n  )\n  .then(() => state.onFinishScenario(scenario));",
              "err": {},
              "uuid": "9054a572-7667-4856-a29f-e37056add0df",
              "parentUUID": "50778982-c8c8-48f4-862c-ad580a473a5b",
              "isHook": false,
              "skipped": false
            },
            {
              "title": "The user add and pin filter - Check across the modules - from event page - NIST (example #7)",
              "fullTitle": "Validate that the pinned filter label is displayed The user add and pin filter - Check across the modules - from event page - NIST (example #7)",
              "timedOut": null,
              "duration": 35475,
              "state": "passed",
              "speed": "slow",
              "pass": true,
              "fail": false,
              "pending": false,
              "context": null,
              "code": "const state = window.testState;\nreturn cy\n  .then(() => state.onStartScenario(scenario, indexedSteps))\n  .then(() =>\n    resolveAndRunBeforeHooks.call(this, scenario.tags, state.feature.name)\n  )\n  .then(() =>\n    indexedSteps.forEach((step) =>\n      stepTest.call(this, state, step, rowData)\n    )\n  )\n  .then(() => state.onFinishScenario(scenario));",
              "err": {},
              "uuid": "33f2bf12-59e0-4bcc-97d8-827f4740670a",
              "parentUUID": "50778982-c8c8-48f4-862c-ad580a473a5b",
              "isHook": false,
              "skipped": false
            },
            {
              "title": "The user add and pin filter - Check across the modules - from event page - TSC (example #8)",
              "fullTitle": "Validate that the pinned filter label is displayed The user add and pin filter - Check across the modules - from event page - TSC (example #8)",
              "timedOut": null,
              "duration": 34653,
              "state": "passed",
              "speed": "slow",
              "pass": true,
              "fail": false,
              "pending": false,
              "context": null,
              "code": "const state = window.testState;\nreturn cy\n  .then(() => state.onStartScenario(scenario, indexedSteps))\n  .then(() =>\n    resolveAndRunBeforeHooks.call(this, scenario.tags, state.feature.name)\n  )\n  .then(() =>\n    indexedSteps.forEach((step) =>\n      stepTest.call(this, state, step, rowData)\n    )\n  )\n  .then(() => state.onFinishScenario(scenario));",
              "err": {},
              "uuid": "3e4c77ad-e04d-4415-8ee6-c983b558a46a",
              "parentUUID": "50778982-c8c8-48f4-862c-ad580a473a5b",
              "isHook": false,
              "skipped": false
            },
            {
              "title": "The user add and pin filter - Check across the modules - from event page - Policy Monitoring (example #9)",
              "fullTitle": "Validate that the pinned filter label is displayed The user add and pin filter - Check across the modules - from event page - Policy Monitoring (example #9)",
              "timedOut": null,
              "duration": 17396,
              "state": "passed",
              "speed": "slow",
              "pass": true,
              "fail": false,
              "pending": false,
              "context": null,
              "code": "const state = window.testState;\nreturn cy\n  .then(() => state.onStartScenario(scenario, indexedSteps))\n  .then(() =>\n    resolveAndRunBeforeHooks.call(this, scenario.tags, state.feature.name)\n  )\n  .then(() =>\n    indexedSteps.forEach((step) =>\n      stepTest.call(this, state, step, rowData)\n    )\n  )\n  .then(() => state.onFinishScenario(scenario));",
              "err": {},
              "uuid": "529f1fe5-aa88-4457-813f-c36e0ece3b04",
              "parentUUID": "50778982-c8c8-48f4-862c-ad580a473a5b",
              "isHook": false,
              "skipped": false
            },
            {
              "title": "The user add and pin filter - Check across the modules - from event page - PCIDSS (example #10)",
              "fullTitle": "Validate that the pinned filter label is displayed The user add and pin filter - Check across the modules - from event page - PCIDSS (example #10)",
              "timedOut": null,
              "duration": 34097,
              "state": "passed",
              "speed": "slow",
              "pass": true,
              "fail": false,
              "pending": false,
              "context": null,
              "code": "const state = window.testState;\nreturn cy\n  .then(() => state.onStartScenario(scenario, indexedSteps))\n  .then(() =>\n    resolveAndRunBeforeHooks.call(this, scenario.tags, state.feature.name)\n  )\n  .then(() =>\n    indexedSteps.forEach((step) =>\n      stepTest.call(this, state, step, rowData)\n    )\n  )\n  .then(() => state.onFinishScenario(scenario));",
              "err": {},
              "uuid": "37f31be7-bd5a-4a5e-8651-029b25bb53c3",
              "parentUUID": "50778982-c8c8-48f4-862c-ad580a473a5b",
              "isHook": false,
              "skipped": false
            }
          ],
          "suites": [],
          "passes": [
            "5c99bc19-6e00-490d-84a8-6ef84d9bbe25",
            "63340be8-90ae-457e-bd76-fa651c5bdb65",
            "4c285290-2375-4707-b518-38d3b363b905",
            "26dffe0e-3cf2-4db5-8a34-95dd58e31c73",
            "30a9ce99-01e0-4dd5-9f65-ed07eb377ee2",
            "9054a572-7667-4856-a29f-e37056add0df",
            "33f2bf12-59e0-4bcc-97d8-827f4740670a",
            "3e4c77ad-e04d-4415-8ee6-c983b558a46a",
            "529f1fe5-aa88-4457-813f-c36e0ece3b04",
            "37f31be7-bd5a-4a5e-8651-029b25bb53c3"
          ],
          "failures": [],
          "pending": [],
          "skipped": [],
          "duration": 304847,
          "root": false,
          "rootEmpty": false,
          "_timeout": 2000
        }
      ],
      "passes": [],
      "failures": [],
      "pending": [],
      "skipped": [],
      "duration": 0,
      "root": true,
      "rootEmpty": true,
      "_timeout": 2000
    }
  ],
  "meta": {
    "mocha": {
      "version": "7.0.1"
    },
    "mochawesome": {
      "options": {
        "quiet": false,
        "reportFilename": "mochawesome",
        "saveHtml": true,
        "saveJson": true,
        "consoleReporter": "spec",
        "useInlineDiffs": false,
        "code": true
      },
      "version": "7.1.3"
    },
    "marge": {
      "options": {
        "charts": true,
        "overwrite": false,
        "html": true,
        "json": true,
        "reportDir": "cypress/report/mochawesome-report",
        "mochaFile": "cypress/report/output.html"
      },
      "version": "6.2.0"
    }
  }
}