{
  "stats": {
    "suites": 1,
    "tests": 1,
    "passes": 0,
    "pending": 0,
    "failures": 1,
    "start": "2022-06-16T17:15:47.055Z",
    "end": "2022-06-16T17:16:52.216Z",
    "duration": 65161,
    "testsRegistered": 1,
    "passPercent": 0,
    "pendingPercent": 0,
    "other": 0,
    "hasOther": false,
    "skipped": 0,
    "hasSkipped": false
  },
  "results": [
    {
      "uuid": "fdbaaac1-9db5-4625-afa2-55b318e8d6e4",
      "title": "",
      "fullFile": "cypress/integration/features/agents/add-agent-from-deploy-new-agent.feature",
      "file": "cypress/integration/features/agents/add-agent-from-deploy-new-agent.feature",
      "beforeHooks": [],
      "afterHooks": [],
      "tests": [],
      "suites": [
        {
          "uuid": "ca9e85cf-5cd7-4ff4-aca3-c64a09d8c18d",
          "title": "Validate that the config to added new agent",
          "fullFile": "",
          "file": "",
          "beforeHooks": [],
          "afterHooks": [],
          "tests": [
            {
              "title": "Validate the information to add a new Agent (example #1)",
              "fullTitle": "Validate that the config to added new agent Validate the information to add a new Agent (example #1)",
              "timedOut": null,
              "duration": 65071,
              "state": "failed",
              "speed": null,
              "pass": false,
              "fail": true,
              "pending": false,
              "context": null,
              "code": "const state = window.testState;\nreturn cy\n  .then(() => state.onStartScenario(scenario, indexedSteps))\n  .then(() =>\n    resolveAndRunBeforeHooks.call(this, scenario.tags, state.feature.name)\n  )\n  .then(() =>\n    indexedSteps.forEach((step) =>\n      stepTest.call(this, state, step, rowData)\n    )\n  )\n  .then(() => state.onFinishScenario(scenario));",
              "err": {
                "message": "AssertionError: Timed out retrying after 40000ms: expected '<p.euiTitle.euiTitle--small.euiStep__title>' to be 'visible'\n\nThis element `<p.euiTitle.euiTitle--small.euiStep__title>` is not visible because it has an effective width and height of: `0 x 0` pixels.",
                "estack": "AssertionError: Timed out retrying after 40000ms: expected '<p.euiTitle.euiTitle--small.euiStep__title>' to be 'visible'\n\nThis element `<p.euiTitle.euiTitle--small.euiStep__title>` is not visible because it has an effective width and height of: `0 x 0` pixels.\n    at elementIsVisible (http://localhost:5601/__cypress/tests?p=cypress/integration/features/agents/add-agent-from-deploy-new-agent.feature:2409:47)\n    at Context.eval (http://localhost:5601/__cypress/tests?p=cypress/integration/features/agents/add-agent-from-deploy-new-agent.feature:990:32)\n    at Context.resolveAndRunStepDefinition (http://localhost:5601/__cypress/tests?p=cypress/integration/features/agents/add-agent-from-deploy-new-agent.feature:13843:29)\n    at Context.eval (http://localhost:5601/__cypress/tests?p=cypress/integration/features/agents/add-agent-from-deploy-new-agent.feature:13164:35)",
                "diff": null
              },
              "uuid": "a1a42f20-9ca6-4d59-9a21-0527c81055aa",
              "parentUUID": "ca9e85cf-5cd7-4ff4-aca3-c64a09d8c18d",
              "isHook": false,
              "skipped": false
            }
          ],
          "suites": [],
          "passes": [],
          "failures": [
            "a1a42f20-9ca6-4d59-9a21-0527c81055aa"
          ],
          "pending": [],
          "skipped": [],
          "duration": 65071,
          "root": false,
          "rootEmpty": false,
          "_timeout": 2000
        }
      ],
      "passes": [],
      "failures": [],
      "pending": [],
      "skipped": [],
      "duration": 0,
      "root": true,
      "rootEmpty": true,
      "_timeout": 2000
    }
  ],
  "meta": {
    "mocha": {
      "version": "7.0.1"
    },
    "mochawesome": {
      "options": {
        "quiet": false,
        "reportFilename": "mochawesome",
        "saveHtml": true,
        "saveJson": true,
        "consoleReporter": "spec",
        "useInlineDiffs": false,
        "code": true
      },
      "version": "7.1.3"
    },
    "marge": {
      "options": {
        "charts": true,
        "overwrite": false,
        "html": true,
        "json": true,
        "reportDir": "cypress/report/mochawesome-report",
        "mochaFile": "cypress/report/output.html"
      },
      "version": "6.2.0"
    }
  }
}