{
  "stats": {
    "suites": 1,
    "tests": 10,
    "passes": 0,
    "pending": 0,
    "failures": 10,
    "start": "2022-06-10T17:55:38.878Z",
    "end": "2022-06-10T18:03:41.997Z",
    "duration": 483119,
    "testsRegistered": 10,
    "passPercent": 0,
    "pendingPercent": 0,
    "other": 0,
    "hasOther": false,
    "skipped": 0,
    "hasSkipped": false
  },
  "results": [
    {
      "uuid": "74150dd6-0010-4d56-9db6-a05e8436b539",
      "title": "",
      "fullFile": "cypress/integration/features/filters/add-new-filter.feature",
      "file": "cypress/integration/features/filters/add-new-filter.feature",
      "beforeHooks": [],
      "afterHooks": [],
      "tests": [],
      "suites": [
        {
          "uuid": "709efc22-1718-4e70-a131-002cde98f12e",
          "title": "Validate that the added filter label is displayed",
          "fullFile": "",
          "file": "",
          "beforeHooks": [],
          "afterHooks": [],
          "tests": [
            {
              "title": "The user add a new filer Security Events (example #1)",
              "fullTitle": "Validate that the added filter label is displayed The user add a new filer Security Events (example #1)",
              "timedOut": null,
              "duration": 66065,
              "state": "failed",
              "speed": null,
              "pass": false,
              "fail": true,
              "pending": false,
              "context": null,
              "code": "const state = window.testState;\nreturn cy\n  .then(() => state.onStartScenario(scenario, indexedSteps))\n  .then(() =>\n    resolveAndRunBeforeHooks.call(this, scenario.tags, state.feature.name)\n  )\n  .then(() =>\n    indexedSteps.forEach((step) =>\n      stepTest.call(this, state, step, rowData)\n    )\n  )\n  .then(() => state.onFinishScenario(scenario));",
              "err": {
                "message": "AssertionError: Timed out retrying after 40000ms: expected '<button.euiButtonEmpty.euiButtonEmpty--primary.euiButtonEmpty--small.globalFilterBar__addButton>' to be 'visible'\n\nThis element `<button.euiButtonEmpty.euiButtonEmpty--primary.euiButtonEmpty--small.globalFilterBar__addButton>` is not visible because its parent `<kbn-dis.hide-filter-control.ng-hide>` has CSS property: `display: none`",
                "estack": "AssertionError: Timed out retrying after 40000ms: expected '<button.euiButtonEmpty.euiButtonEmpty--primary.euiButtonEmpty--small.globalFilterBar__addButton>' to be 'visible'\n\nThis element `<button.euiButtonEmpty.euiButtonEmpty--primary.euiButtonEmpty--small.globalFilterBar__addButton>` is not visible because its parent `<kbn-dis.hide-filter-control.ng-hide>` has CSS property: `display: none`\n    at elementIsVisible (https://localhost:5601/__cypress/tests?p=cypress/integration/features/filters/add-new-filter.feature:2302:47)\n    at Context.eval (https://localhost:5601/__cypress/tests?p=cypress/integration/features/filters/add-new-filter.feature:1342:32)\n    at Context.resolveAndRunStepDefinition (https://localhost:5601/__cypress/tests?p=cypress/integration/features/filters/add-new-filter.feature:13166:29)\n    at Context.eval (https://localhost:5601/__cypress/tests?p=cypress/integration/features/filters/add-new-filter.feature:12487:35)",
                "diff": null
              },
              "uuid": "96fcb332-3475-46ac-bdfe-3b226a3122ed",
              "parentUUID": "709efc22-1718-4e70-a131-002cde98f12e",
              "isHook": false,
              "skipped": false
            },
            {
              "title": "The user add a new filer Integrity Monitoring (example #2)",
              "fullTitle": "Validate that the added filter label is displayed The user add a new filer Integrity Monitoring (example #2)",
              "timedOut": null,
              "duration": 46428,
              "state": "failed",
              "speed": null,
              "pass": false,
              "fail": true,
              "pending": false,
              "context": null,
              "code": "const state = window.testState;\nreturn cy\n  .then(() => state.onStartScenario(scenario, indexedSteps))\n  .then(() =>\n    resolveAndRunBeforeHooks.call(this, scenario.tags, state.feature.name)\n  )\n  .then(() =>\n    indexedSteps.forEach((step) =>\n      stepTest.call(this, state, step, rowData)\n    )\n  )\n  .then(() => state.onFinishScenario(scenario));",
              "err": {
                "message": "AssertionError: Timed out retrying after 40000ms: expected '<button.euiButtonEmpty.euiButtonEmpty--primary.euiButtonEmpty--small.globalFilterBar__addButton>' to be 'visible'\n\nThis element `<button.euiButtonEmpty.euiButtonEmpty--primary.euiButtonEmpty--small.globalFilterBar__addButton>` is not visible because its parent `<kbn-dis.hide-filter-control.ng-hide>` has CSS property: `display: none`",
                "estack": "AssertionError: Timed out retrying after 40000ms: expected '<button.euiButtonEmpty.euiButtonEmpty--primary.euiButtonEmpty--small.globalFilterBar__addButton>' to be 'visible'\n\nThis element `<button.euiButtonEmpty.euiButtonEmpty--primary.euiButtonEmpty--small.globalFilterBar__addButton>` is not visible because its parent `<kbn-dis.hide-filter-control.ng-hide>` has CSS property: `display: none`\n    at elementIsVisible (https://localhost:5601/__cypress/tests?p=cypress/integration/features/filters/add-new-filter.feature:2302:47)\n    at Context.eval (https://localhost:5601/__cypress/tests?p=cypress/integration/features/filters/add-new-filter.feature:1342:32)\n    at Context.resolveAndRunStepDefinition (https://localhost:5601/__cypress/tests?p=cypress/integration/features/filters/add-new-filter.feature:13166:29)\n    at Context.eval (https://localhost:5601/__cypress/tests?p=cypress/integration/features/filters/add-new-filter.feature:12487:35)",
                "diff": null
              },
              "uuid": "15a600e4-dd4e-44a0-973c-0f80bec78e15",
              "parentUUID": "709efc22-1718-4e70-a131-002cde98f12e",
              "isHook": false,
              "skipped": false
            },
            {
              "title": "The user add a new filer System Auditing (example #3)",
              "fullTitle": "Validate that the added filter label is displayed The user add a new filer System Auditing (example #3)",
              "timedOut": null,
              "duration": 50010,
              "state": "failed",
              "speed": null,
              "pass": false,
              "fail": true,
              "pending": false,
              "context": null,
              "code": "const state = window.testState;\nreturn cy\n  .then(() => state.onStartScenario(scenario, indexedSteps))\n  .then(() =>\n    resolveAndRunBeforeHooks.call(this, scenario.tags, state.feature.name)\n  )\n  .then(() =>\n    indexedSteps.forEach((step) =>\n      stepTest.call(this, state, step, rowData)\n    )\n  )\n  .then(() => state.onFinishScenario(scenario));",
              "err": {
                "message": "AssertionError: Timed out retrying after 40000ms: expected '<button.euiButtonEmpty.euiButtonEmpty--primary.euiButtonEmpty--small.globalFilterBar__addButton>' to be 'visible'\n\nThis element `<button.euiButtonEmpty.euiButtonEmpty--primary.euiButtonEmpty--small.globalFilterBar__addButton>` is not visible because its parent `<kbn-dis.hide-filter-control.ng-hide>` has CSS property: `display: none`",
                "estack": "AssertionError: Timed out retrying after 40000ms: expected '<button.euiButtonEmpty.euiButtonEmpty--primary.euiButtonEmpty--small.globalFilterBar__addButton>' to be 'visible'\n\nThis element `<button.euiButtonEmpty.euiButtonEmpty--primary.euiButtonEmpty--small.globalFilterBar__addButton>` is not visible because its parent `<kbn-dis.hide-filter-control.ng-hide>` has CSS property: `display: none`\n    at elementIsVisible (https://localhost:5601/__cypress/tests?p=cypress/integration/features/filters/add-new-filter.feature:2302:47)\n    at Context.eval (https://localhost:5601/__cypress/tests?p=cypress/integration/features/filters/add-new-filter.feature:1342:32)\n    at Context.resolveAndRunStepDefinition (https://localhost:5601/__cypress/tests?p=cypress/integration/features/filters/add-new-filter.feature:13166:29)\n    at Context.eval (https://localhost:5601/__cypress/tests?p=cypress/integration/features/filters/add-new-filter.feature:12487:35)",
                "diff": null
              },
              "uuid": "cfb66491-aecb-4033-b39b-b8c25b05062a",
              "parentUUID": "709efc22-1718-4e70-a131-002cde98f12e",
              "isHook": false,
              "skipped": false
            },
            {
              "title": "The user add a new filer Mitre & Attack (example #4)",
              "fullTitle": "Validate that the added filter label is displayed The user add a new filer Mitre & Attack (example #4)",
              "timedOut": null,
              "duration": 47094,
              "state": "failed",
              "speed": null,
              "pass": false,
              "fail": true,
              "pending": false,
              "context": null,
              "code": "const state = window.testState;\nreturn cy\n  .then(() => state.onStartScenario(scenario, indexedSteps))\n  .then(() =>\n    resolveAndRunBeforeHooks.call(this, scenario.tags, state.feature.name)\n  )\n  .then(() =>\n    indexedSteps.forEach((step) =>\n      stepTest.call(this, state, step, rowData)\n    )\n  )\n  .then(() => state.onFinishScenario(scenario));",
              "err": {
                "message": "AssertionError: Timed out retrying after 40000ms: expected '<button.euiButtonEmpty.euiButtonEmpty--primary.euiButtonEmpty--small.globalFilterBar__addButton>' to be 'visible'\n\nThis element `<button.euiButtonEmpty.euiButtonEmpty--primary.euiButtonEmpty--small.globalFilterBar__addButton>` is not visible because its parent `<kbn-dis.hide-filter-control.ng-hide>` has CSS property: `display: none`",
                "estack": "AssertionError: Timed out retrying after 40000ms: expected '<button.euiButtonEmpty.euiButtonEmpty--primary.euiButtonEmpty--small.globalFilterBar__addButton>' to be 'visible'\n\nThis element `<button.euiButtonEmpty.euiButtonEmpty--primary.euiButtonEmpty--small.globalFilterBar__addButton>` is not visible because its parent `<kbn-dis.hide-filter-control.ng-hide>` has CSS property: `display: none`\n    at elementIsVisible (https://localhost:5601/__cypress/tests?p=cypress/integration/features/filters/add-new-filter.feature:2302:47)\n    at Context.eval (https://localhost:5601/__cypress/tests?p=cypress/integration/features/filters/add-new-filter.feature:1342:32)\n    at Context.resolveAndRunStepDefinition (https://localhost:5601/__cypress/tests?p=cypress/integration/features/filters/add-new-filter.feature:13166:29)\n    at Context.eval (https://localhost:5601/__cypress/tests?p=cypress/integration/features/filters/add-new-filter.feature:12487:35)",
                "diff": null
              },
              "uuid": "f977cc49-9236-485e-8f8e-b13567389956",
              "parentUUID": "709efc22-1718-4e70-a131-002cde98f12e",
              "isHook": false,
              "skipped": false
            },
            {
              "title": "The user add a new filer GDPR (example #5)",
              "fullTitle": "Validate that the added filter label is displayed The user add a new filer GDPR (example #5)",
              "timedOut": null,
              "duration": 44752,
              "state": "failed",
              "speed": null,
              "pass": false,
              "fail": true,
              "pending": false,
              "context": null,
              "code": "const state = window.testState;\nreturn cy\n  .then(() => state.onStartScenario(scenario, indexedSteps))\n  .then(() =>\n    resolveAndRunBeforeHooks.call(this, scenario.tags, state.feature.name)\n  )\n  .then(() =>\n    indexedSteps.forEach((step) =>\n      stepTest.call(this, state, step, rowData)\n    )\n  )\n  .then(() => state.onFinishScenario(scenario));",
              "err": {
                "message": "AssertionError: Timed out retrying after 40000ms: expected '<button.euiButtonEmpty.euiButtonEmpty--primary.euiButtonEmpty--small.globalFilterBar__addButton>' to be 'visible'\n\nThis element `<button.euiButtonEmpty.euiButtonEmpty--primary.euiButtonEmpty--small.globalFilterBar__addButton>` is not visible because its parent `<kbn-dis.hide-filter-control.ng-hide>` has CSS property: `display: none`",
                "estack": "AssertionError: Timed out retrying after 40000ms: expected '<button.euiButtonEmpty.euiButtonEmpty--primary.euiButtonEmpty--small.globalFilterBar__addButton>' to be 'visible'\n\nThis element `<button.euiButtonEmpty.euiButtonEmpty--primary.euiButtonEmpty--small.globalFilterBar__addButton>` is not visible because its parent `<kbn-dis.hide-filter-control.ng-hide>` has CSS property: `display: none`\n    at elementIsVisible (https://localhost:5601/__cypress/tests?p=cypress/integration/features/filters/add-new-filter.feature:2302:47)\n    at Context.eval (https://localhost:5601/__cypress/tests?p=cypress/integration/features/filters/add-new-filter.feature:1342:32)\n    at Context.resolveAndRunStepDefinition (https://localhost:5601/__cypress/tests?p=cypress/integration/features/filters/add-new-filter.feature:13166:29)\n    at Context.eval (https://localhost:5601/__cypress/tests?p=cypress/integration/features/filters/add-new-filter.feature:12487:35)",
                "diff": null
              },
              "uuid": "767ee4bf-f0e3-46e9-bc1d-ef549eb58ed5",
              "parentUUID": "709efc22-1718-4e70-a131-002cde98f12e",
              "isHook": false,
              "skipped": false
            },
            {
              "title": "The user add a new filer HIPAA (example #6)",
              "fullTitle": "Validate that the added filter label is displayed The user add a new filer HIPAA (example #6)",
              "timedOut": null,
              "duration": 46781,
              "state": "failed",
              "speed": null,
              "pass": false,
              "fail": true,
              "pending": false,
              "context": null,
              "code": "const state = window.testState;\nreturn cy\n  .then(() => state.onStartScenario(scenario, indexedSteps))\n  .then(() =>\n    resolveAndRunBeforeHooks.call(this, scenario.tags, state.feature.name)\n  )\n  .then(() =>\n    indexedSteps.forEach((step) =>\n      stepTest.call(this, state, step, rowData)\n    )\n  )\n  .then(() => state.onFinishScenario(scenario));",
              "err": {
                "message": "AssertionError: Timed out retrying after 40000ms: expected '<button.euiButtonEmpty.euiButtonEmpty--primary.euiButtonEmpty--small.globalFilterBar__addButton>' to be 'visible'\n\nThis element `<button.euiButtonEmpty.euiButtonEmpty--primary.euiButtonEmpty--small.globalFilterBar__addButton>` is not visible because its parent `<kbn-dis.hide-filter-control.ng-hide>` has CSS property: `display: none`",
                "estack": "AssertionError: Timed out retrying after 40000ms: expected '<button.euiButtonEmpty.euiButtonEmpty--primary.euiButtonEmpty--small.globalFilterBar__addButton>' to be 'visible'\n\nThis element `<button.euiButtonEmpty.euiButtonEmpty--primary.euiButtonEmpty--small.globalFilterBar__addButton>` is not visible because its parent `<kbn-dis.hide-filter-control.ng-hide>` has CSS property: `display: none`\n    at elementIsVisible (https://localhost:5601/__cypress/tests?p=cypress/integration/features/filters/add-new-filter.feature:2302:47)\n    at Context.eval (https://localhost:5601/__cypress/tests?p=cypress/integration/features/filters/add-new-filter.feature:1342:32)\n    at Context.resolveAndRunStepDefinition (https://localhost:5601/__cypress/tests?p=cypress/integration/features/filters/add-new-filter.feature:13166:29)\n    at Context.eval (https://localhost:5601/__cypress/tests?p=cypress/integration/features/filters/add-new-filter.feature:12487:35)",
                "diff": null
              },
              "uuid": "296cf079-a9bd-4afa-8655-6706b84da37f",
              "parentUUID": "709efc22-1718-4e70-a131-002cde98f12e",
              "isHook": false,
              "skipped": false
            },
            {
              "title": "The user add a new filer NIST (example #7)",
              "fullTitle": "Validate that the added filter label is displayed The user add a new filer NIST (example #7)",
              "timedOut": null,
              "duration": 44775,
              "state": "failed",
              "speed": null,
              "pass": false,
              "fail": true,
              "pending": false,
              "context": null,
              "code": "const state = window.testState;\nreturn cy\n  .then(() => state.onStartScenario(scenario, indexedSteps))\n  .then(() =>\n    resolveAndRunBeforeHooks.call(this, scenario.tags, state.feature.name)\n  )\n  .then(() =>\n    indexedSteps.forEach((step) =>\n      stepTest.call(this, state, step, rowData)\n    )\n  )\n  .then(() => state.onFinishScenario(scenario));",
              "err": {
                "message": "AssertionError: Timed out retrying after 40000ms: expected '<button.euiButtonEmpty.euiButtonEmpty--primary.euiButtonEmpty--small.globalFilterBar__addButton>' to be 'visible'\n\nThis element `<button.euiButtonEmpty.euiButtonEmpty--primary.euiButtonEmpty--small.globalFilterBar__addButton>` is not visible because its parent `<kbn-dis.hide-filter-control.ng-hide>` has CSS property: `display: none`",
                "estack": "AssertionError: Timed out retrying after 40000ms: expected '<button.euiButtonEmpty.euiButtonEmpty--primary.euiButtonEmpty--small.globalFilterBar__addButton>' to be 'visible'\n\nThis element `<button.euiButtonEmpty.euiButtonEmpty--primary.euiButtonEmpty--small.globalFilterBar__addButton>` is not visible because its parent `<kbn-dis.hide-filter-control.ng-hide>` has CSS property: `display: none`\n    at elementIsVisible (https://localhost:5601/__cypress/tests?p=cypress/integration/features/filters/add-new-filter.feature:2302:47)\n    at Context.eval (https://localhost:5601/__cypress/tests?p=cypress/integration/features/filters/add-new-filter.feature:1342:32)\n    at Context.resolveAndRunStepDefinition (https://localhost:5601/__cypress/tests?p=cypress/integration/features/filters/add-new-filter.feature:13166:29)\n    at Context.eval (https://localhost:5601/__cypress/tests?p=cypress/integration/features/filters/add-new-filter.feature:12487:35)",
                "diff": null
              },
              "uuid": "c49e255e-ceb1-477a-867b-f10edbf7fc59",
              "parentUUID": "709efc22-1718-4e70-a131-002cde98f12e",
              "isHook": false,
              "skipped": false
            },
            {
              "title": "The user add a new filer TSC (example #8)",
              "fullTitle": "Validate that the added filter label is displayed The user add a new filer TSC (example #8)",
              "timedOut": null,
              "duration": 46296,
              "state": "failed",
              "speed": null,
              "pass": false,
              "fail": true,
              "pending": false,
              "context": null,
              "code": "const state = window.testState;\nreturn cy\n  .then(() => state.onStartScenario(scenario, indexedSteps))\n  .then(() =>\n    resolveAndRunBeforeHooks.call(this, scenario.tags, state.feature.name)\n  )\n  .then(() =>\n    indexedSteps.forEach((step) =>\n      stepTest.call(this, state, step, rowData)\n    )\n  )\n  .then(() => state.onFinishScenario(scenario));",
              "err": {
                "message": "AssertionError: Timed out retrying after 40000ms: expected '<button.euiButtonEmpty.euiButtonEmpty--primary.euiButtonEmpty--small.globalFilterBar__addButton>' to be 'visible'\n\nThis element `<button.euiButtonEmpty.euiButtonEmpty--primary.euiButtonEmpty--small.globalFilterBar__addButton>` is not visible because its parent `<kbn-dis.hide-filter-control.ng-hide>` has CSS property: `display: none`",
                "estack": "AssertionError: Timed out retrying after 40000ms: expected '<button.euiButtonEmpty.euiButtonEmpty--primary.euiButtonEmpty--small.globalFilterBar__addButton>' to be 'visible'\n\nThis element `<button.euiButtonEmpty.euiButtonEmpty--primary.euiButtonEmpty--small.globalFilterBar__addButton>` is not visible because its parent `<kbn-dis.hide-filter-control.ng-hide>` has CSS property: `display: none`\n    at elementIsVisible (https://localhost:5601/__cypress/tests?p=cypress/integration/features/filters/add-new-filter.feature:2302:47)\n    at Context.eval (https://localhost:5601/__cypress/tests?p=cypress/integration/features/filters/add-new-filter.feature:1342:32)\n    at Context.resolveAndRunStepDefinition (https://localhost:5601/__cypress/tests?p=cypress/integration/features/filters/add-new-filter.feature:13166:29)\n    at Context.eval (https://localhost:5601/__cypress/tests?p=cypress/integration/features/filters/add-new-filter.feature:12487:35)",
                "diff": null
              },
              "uuid": "c2815679-0bb5-4f04-a85f-6f0f79fec1c1",
              "parentUUID": "709efc22-1718-4e70-a131-002cde98f12e",
              "isHook": false,
              "skipped": false
            },
            {
              "title": "The user add a new filer Policy Monitoring (example #9)",
              "fullTitle": "Validate that the added filter label is displayed The user add a new filer Policy Monitoring (example #9)",
              "timedOut": null,
              "duration": 45767,
              "state": "failed",
              "speed": null,
              "pass": false,
              "fail": true,
              "pending": false,
              "context": null,
              "code": "const state = window.testState;\nreturn cy\n  .then(() => state.onStartScenario(scenario, indexedSteps))\n  .then(() =>\n    resolveAndRunBeforeHooks.call(this, scenario.tags, state.feature.name)\n  )\n  .then(() =>\n    indexedSteps.forEach((step) =>\n      stepTest.call(this, state, step, rowData)\n    )\n  )\n  .then(() => state.onFinishScenario(scenario));",
              "err": {
                "message": "AssertionError: Timed out retrying after 40000ms: expected '<button.euiButtonEmpty.euiButtonEmpty--primary.euiButtonEmpty--small.globalFilterBar__addButton>' to be 'visible'\n\nThis element `<button.euiButtonEmpty.euiButtonEmpty--primary.euiButtonEmpty--small.globalFilterBar__addButton>` is not visible because its parent `<kbn-dis.hide-filter-control.ng-hide>` has CSS property: `display: none`",
                "estack": "AssertionError: Timed out retrying after 40000ms: expected '<button.euiButtonEmpty.euiButtonEmpty--primary.euiButtonEmpty--small.globalFilterBar__addButton>' to be 'visible'\n\nThis element `<button.euiButtonEmpty.euiButtonEmpty--primary.euiButtonEmpty--small.globalFilterBar__addButton>` is not visible because its parent `<kbn-dis.hide-filter-control.ng-hide>` has CSS property: `display: none`\n    at elementIsVisible (https://localhost:5601/__cypress/tests?p=cypress/integration/features/filters/add-new-filter.feature:2302:47)\n    at Context.eval (https://localhost:5601/__cypress/tests?p=cypress/integration/features/filters/add-new-filter.feature:1342:32)\n    at Context.resolveAndRunStepDefinition (https://localhost:5601/__cypress/tests?p=cypress/integration/features/filters/add-new-filter.feature:13166:29)\n    at Context.eval (https://localhost:5601/__cypress/tests?p=cypress/integration/features/filters/add-new-filter.feature:12487:35)",
                "diff": null
              },
              "uuid": "2f0c2b2e-f548-462d-9dc4-b8068f47e304",
              "parentUUID": "709efc22-1718-4e70-a131-002cde98f12e",
              "isHook": false,
              "skipped": false
            },
            {
              "title": "The user add a new filer PCIDSS (example #10)",
              "fullTitle": "Validate that the added filter label is displayed The user add a new filer PCIDSS (example #10)",
              "timedOut": null,
              "duration": 43914,
              "state": "failed",
              "speed": null,
              "pass": false,
              "fail": true,
              "pending": false,
              "context": null,
              "code": "const state = window.testState;\nreturn cy\n  .then(() => state.onStartScenario(scenario, indexedSteps))\n  .then(() =>\n    resolveAndRunBeforeHooks.call(this, scenario.tags, state.feature.name)\n  )\n  .then(() =>\n    indexedSteps.forEach((step) =>\n      stepTest.call(this, state, step, rowData)\n    )\n  )\n  .then(() => state.onFinishScenario(scenario));",
              "err": {
                "message": "AssertionError: Timed out retrying after 40000ms: expected '<button.euiButtonEmpty.euiButtonEmpty--primary.euiButtonEmpty--small.globalFilterBar__addButton>' to be 'visible'\n\nThis element `<button.euiButtonEmpty.euiButtonEmpty--primary.euiButtonEmpty--small.globalFilterBar__addButton>` is not visible because its parent `<kbn-dis.hide-filter-control.ng-hide>` has CSS property: `display: none`",
                "estack": "AssertionError: Timed out retrying after 40000ms: expected '<button.euiButtonEmpty.euiButtonEmpty--primary.euiButtonEmpty--small.globalFilterBar__addButton>' to be 'visible'\n\nThis element `<button.euiButtonEmpty.euiButtonEmpty--primary.euiButtonEmpty--small.globalFilterBar__addButton>` is not visible because its parent `<kbn-dis.hide-filter-control.ng-hide>` has CSS property: `display: none`\n    at elementIsVisible (https://localhost:5601/__cypress/tests?p=cypress/integration/features/filters/add-new-filter.feature:2302:47)\n    at Context.eval (https://localhost:5601/__cypress/tests?p=cypress/integration/features/filters/add-new-filter.feature:1342:32)\n    at Context.resolveAndRunStepDefinition (https://localhost:5601/__cypress/tests?p=cypress/integration/features/filters/add-new-filter.feature:13166:29)\n    at Context.eval (https://localhost:5601/__cypress/tests?p=cypress/integration/features/filters/add-new-filter.feature:12487:35)",
                "diff": null
              },
              "uuid": "2a225430-89a2-4bf0-b13a-1be2c7b9df4d",
              "parentUUID": "709efc22-1718-4e70-a131-002cde98f12e",
              "isHook": false,
              "skipped": false
            }
          ],
          "suites": [],
          "passes": [],
          "failures": [
            "96fcb332-3475-46ac-bdfe-3b226a3122ed",
            "15a600e4-dd4e-44a0-973c-0f80bec78e15",
            "cfb66491-aecb-4033-b39b-b8c25b05062a",
            "f977cc49-9236-485e-8f8e-b13567389956",
            "767ee4bf-f0e3-46e9-bc1d-ef549eb58ed5",
            "296cf079-a9bd-4afa-8655-6706b84da37f",
            "c49e255e-ceb1-477a-867b-f10edbf7fc59",
            "c2815679-0bb5-4f04-a85f-6f0f79fec1c1",
            "2f0c2b2e-f548-462d-9dc4-b8068f47e304",
            "2a225430-89a2-4bf0-b13a-1be2c7b9df4d"
          ],
          "pending": [],
          "skipped": [],
          "duration": 481882,
          "root": false,
          "rootEmpty": false,
          "_timeout": 2000
        }
      ],
      "passes": [],
      "failures": [],
      "pending": [],
      "skipped": [],
      "duration": 0,
      "root": true,
      "rootEmpty": true,
      "_timeout": 2000
    }
  ],
  "meta": {
    "mocha": {
      "version": "7.0.1"
    },
    "mochawesome": {
      "options": {
        "quiet": false,
        "reportFilename": "mochawesome",
        "saveHtml": true,
        "saveJson": true,
        "consoleReporter": "spec",
        "useInlineDiffs": false,
        "code": true
      },
      "version": "7.1.3"
    },
    "marge": {
      "options": {
        "charts": true,
        "overwrite": false,
        "html": true,
        "json": true,
        "reportDir": "cypress/report/mochawesome-report",
        "mochaFile": "cypress/report/output.html"
      },
      "version": "6.2.0"
    }
  }
}