{
  "stats": {
    "suites": 1,
    "tests": 1,
    "passes": 1,
    "pending": 0,
    "failures": 0,
    "start": "2022-06-16T17:20:51.236Z",
    "end": "2022-06-16T17:21:20.004Z",
    "duration": 28768,
    "testsRegistered": 1,
    "passPercent": 100,
    "pendingPercent": 0,
    "other": 0,
    "hasOther": false,
    "skipped": 0,
    "hasSkipped": false
  },
  "results": [
    {
      "uuid": "b6a0b983-e584-4e3b-abca-e1b721bef91a",
      "title": "",
      "fullFile": "cypress/integration/features/agents/add-agent-from-deploy-new-agent.feature",
      "file": "cypress/integration/features/agents/add-agent-from-deploy-new-agent.feature",
      "beforeHooks": [],
      "afterHooks": [],
      "tests": [],
      "suites": [
        {
          "uuid": "7fba0536-35ab-45d3-8aa5-e3e26248bc5e",
          "title": "Validate that the config to added new agent",
          "fullFile": "",
          "file": "",
          "beforeHooks": [],
          "afterHooks": [],
          "tests": [
            {
              "title": "Validate the information to add a new Agent (example #1)",
              "fullTitle": "Validate that the config to added new agent Validate the information to add a new Agent (example #1)",
              "timedOut": null,
              "duration": 28550,
              "state": "passed",
              "speed": "slow",
              "pass": true,
              "fail": false,
              "pending": false,
              "context": null,
              "code": "const state = window.testState;\nreturn cy\n  .then(() => state.onStartScenario(scenario, indexedSteps))\n  .then(() =>\n    resolveAndRunBeforeHooks.call(this, scenario.tags, state.feature.name)\n  )\n  .then(() =>\n    indexedSteps.forEach((step) =>\n      stepTest.call(this, state, step, rowData)\n    )\n  )\n  .then(() => state.onFinishScenario(scenario));",
              "err": {},
              "uuid": "804e3fa9-4eac-4cc8-9267-bec506faf669",
              "parentUUID": "7fba0536-35ab-45d3-8aa5-e3e26248bc5e",
              "isHook": false,
              "skipped": false
            }
          ],
          "suites": [],
          "passes": [
            "804e3fa9-4eac-4cc8-9267-bec506faf669"
          ],
          "failures": [],
          "pending": [],
          "skipped": [],
          "duration": 28550,
          "root": false,
          "rootEmpty": false,
          "_timeout": 2000
        }
      ],
      "passes": [],
      "failures": [],
      "pending": [],
      "skipped": [],
      "duration": 0,
      "root": true,
      "rootEmpty": true,
      "_timeout": 2000
    }
  ],
  "meta": {
    "mocha": {
      "version": "7.0.1"
    },
    "mochawesome": {
      "options": {
        "quiet": false,
        "reportFilename": "mochawesome",
        "saveHtml": true,
        "saveJson": true,
        "consoleReporter": "spec",
        "useInlineDiffs": false,
        "code": true
      },
      "version": "7.1.3"
    },
    "marge": {
      "options": {
        "charts": true,
        "overwrite": false,
        "html": true,
        "json": true,
        "reportDir": "cypress/report/mochawesome-report",
        "mochaFile": "cypress/report/output.html"
      },
      "version": "6.2.0"
    }
  }
}