{
  "stats": {
    "suites": 1,
    "tests": 10,
    "passes": 0,
    "pending": 0,
    "failures": 10,
    "start": "2022-06-16T17:29:15.398Z",
    "end": "2022-06-16T17:37:24.632Z",
    "duration": 489234,
    "testsRegistered": 10,
    "passPercent": 0,
    "pendingPercent": 0,
    "other": 0,
    "hasOther": false,
    "skipped": 0,
    "hasSkipped": false
  },
  "results": [
    {
      "uuid": "eda38b76-dcdb-4c41-8c94-a7dc76075349",
      "title": "",
      "fullFile": "cypress/integration/features/filters/add-new-filter-from-events.feature",
      "file": "cypress/integration/features/filters/add-new-filter-from-events.feature",
      "beforeHooks": [],
      "afterHooks": [],
      "tests": [],
      "suites": [
        {
          "uuid": "c137217a-b164-469a-89dd-5c67d72a770a",
          "title": "Validate that the added filter label is displayed",
          "fullFile": "",
          "file": "",
          "beforeHooks": [],
          "afterHooks": [],
          "tests": [
            {
              "title": "The user add a new filer from the events page Security Events (example #1)",
              "fullTitle": "Validate that the added filter label is displayed The user add a new filer from the events page Security Events (example #1)",
              "timedOut": null,
              "duration": 65582,
              "state": "failed",
              "speed": null,
              "pass": false,
              "fail": true,
              "pending": false,
              "context": null,
              "code": "const state = window.testState;\nreturn cy\n  .then(() => state.onStartScenario(scenario, indexedSteps))\n  .then(() =>\n    resolveAndRunBeforeHooks.call(this, scenario.tags, state.feature.name)\n  )\n  .then(() =>\n    indexedSteps.forEach((step) =>\n      stepTest.call(this, state, step, rowData)\n    )\n  )\n  .then(() => state.onFinishScenario(scenario));",
              "err": {
                "message": "AssertionError: Timed out retrying after 40000ms: Expected to find element: `//*[contains(@class,\"euiTabs\")]//*[contains(text(),\"Events\")]`, but never found it.",
                "estack": "AssertionError: Timed out retrying after 40000ms: Expected to find element: `//*[contains(@class,\"euiTabs\")]//*[contains(text(),\"Events\")]`, but never found it.\n    at xpathElementIsVisible (https://localhost:5601/__cypress/tests?p=cypress/integration/features/filters/add-new-filter-from-events.feature:2503:43)\n    at Context.eval (https://localhost:5601/__cypress/tests?p=cypress/integration/features/filters/add-new-filter-from-events.feature:1264:37)\n    at Context.resolveAndRunStepDefinition (https://localhost:5601/__cypress/tests?p=cypress/integration/features/filters/add-new-filter-from-events.feature:13843:29)\n    at Context.eval (https://localhost:5601/__cypress/tests?p=cypress/integration/features/filters/add-new-filter-from-events.feature:13164:35)",
                "diff": null
              },
              "uuid": "f74b8b34-c599-4911-a9c7-e8401d066357",
              "parentUUID": "c137217a-b164-469a-89dd-5c67d72a770a",
              "isHook": false,
              "skipped": false
            },
            {
              "title": "The user add a new filer from the events page Integrity Monitoring (example #2)",
              "fullTitle": "Validate that the added filter label is displayed The user add a new filer from the events page Integrity Monitoring (example #2)",
              "timedOut": null,
              "duration": 46991,
              "state": "failed",
              "speed": null,
              "pass": false,
              "fail": true,
              "pending": false,
              "context": null,
              "code": "const state = window.testState;\nreturn cy\n  .then(() => state.onStartScenario(scenario, indexedSteps))\n  .then(() =>\n    resolveAndRunBeforeHooks.call(this, scenario.tags, state.feature.name)\n  )\n  .then(() =>\n    indexedSteps.forEach((step) =>\n      stepTest.call(this, state, step, rowData)\n    )\n  )\n  .then(() => state.onFinishScenario(scenario));",
              "err": {
                "message": "AssertionError: Timed out retrying after 40000ms: Expected to find element: `//*[contains(@class,\"euiTabs\")]//*[contains(text(),\"Events\")]`, but never found it.",
                "estack": "AssertionError: Timed out retrying after 40000ms: Expected to find element: `//*[contains(@class,\"euiTabs\")]//*[contains(text(),\"Events\")]`, but never found it.\n    at xpathElementIsVisible (https://localhost:5601/__cypress/tests?p=cypress/integration/features/filters/add-new-filter-from-events.feature:2503:43)\n    at Context.eval (https://localhost:5601/__cypress/tests?p=cypress/integration/features/filters/add-new-filter-from-events.feature:1264:37)\n    at Context.resolveAndRunStepDefinition (https://localhost:5601/__cypress/tests?p=cypress/integration/features/filters/add-new-filter-from-events.feature:13843:29)\n    at Context.eval (https://localhost:5601/__cypress/tests?p=cypress/integration/features/filters/add-new-filter-from-events.feature:13164:35)",
                "diff": null
              },
              "uuid": "86cbefa9-ce7f-4026-92c4-90f31d1a0663",
              "parentUUID": "c137217a-b164-469a-89dd-5c67d72a770a",
              "isHook": false,
              "skipped": false
            },
            {
              "title": "The user add a new filer from the events page System Auditing (example #3)",
              "fullTitle": "Validate that the added filter label is displayed The user add a new filer from the events page System Auditing (example #3)",
              "timedOut": null,
              "duration": 47149,
              "state": "failed",
              "speed": null,
              "pass": false,
              "fail": true,
              "pending": false,
              "context": null,
              "code": "const state = window.testState;\nreturn cy\n  .then(() => state.onStartScenario(scenario, indexedSteps))\n  .then(() =>\n    resolveAndRunBeforeHooks.call(this, scenario.tags, state.feature.name)\n  )\n  .then(() =>\n    indexedSteps.forEach((step) =>\n      stepTest.call(this, state, step, rowData)\n    )\n  )\n  .then(() => state.onFinishScenario(scenario));",
              "err": {
                "message": "AssertionError: Timed out retrying after 40000ms: Expected to find element: `//*[contains(@class,\"euiTabs\")]//*[contains(text(),\"Events\")]`, but never found it.",
                "estack": "AssertionError: Timed out retrying after 40000ms: Expected to find element: `//*[contains(@class,\"euiTabs\")]//*[contains(text(),\"Events\")]`, but never found it.\n    at xpathElementIsVisible (https://localhost:5601/__cypress/tests?p=cypress/integration/features/filters/add-new-filter-from-events.feature:2503:43)\n    at Context.eval (https://localhost:5601/__cypress/tests?p=cypress/integration/features/filters/add-new-filter-from-events.feature:1264:37)\n    at Context.resolveAndRunStepDefinition (https://localhost:5601/__cypress/tests?p=cypress/integration/features/filters/add-new-filter-from-events.feature:13843:29)\n    at Context.eval (https://localhost:5601/__cypress/tests?p=cypress/integration/features/filters/add-new-filter-from-events.feature:13164:35)",
                "diff": null
              },
              "uuid": "1134c197-15f8-4740-89a6-f1eeaad674fe",
              "parentUUID": "c137217a-b164-469a-89dd-5c67d72a770a",
              "isHook": false,
              "skipped": false
            },
            {
              "title": "The user add a new filer from the events page Mitre & Attack (example #4)",
              "fullTitle": "Validate that the added filter label is displayed The user add a new filer from the events page Mitre & Attack (example #4)",
              "timedOut": null,
              "duration": 46979,
              "state": "failed",
              "speed": null,
              "pass": false,
              "fail": true,
              "pending": false,
              "context": null,
              "code": "const state = window.testState;\nreturn cy\n  .then(() => state.onStartScenario(scenario, indexedSteps))\n  .then(() =>\n    resolveAndRunBeforeHooks.call(this, scenario.tags, state.feature.name)\n  )\n  .then(() =>\n    indexedSteps.forEach((step) =>\n      stepTest.call(this, state, step, rowData)\n    )\n  )\n  .then(() => state.onFinishScenario(scenario));",
              "err": {
                "message": "AssertionError: Timed out retrying after 40000ms: Expected to find element: `//*[contains(@class,\"euiTabs\")]//*[contains(text(),\"Events\")]`, but never found it.",
                "estack": "AssertionError: Timed out retrying after 40000ms: Expected to find element: `//*[contains(@class,\"euiTabs\")]//*[contains(text(),\"Events\")]`, but never found it.\n    at xpathElementIsVisible (https://localhost:5601/__cypress/tests?p=cypress/integration/features/filters/add-new-filter-from-events.feature:2503:43)\n    at Context.eval (https://localhost:5601/__cypress/tests?p=cypress/integration/features/filters/add-new-filter-from-events.feature:1264:37)\n    at Context.resolveAndRunStepDefinition (https://localhost:5601/__cypress/tests?p=cypress/integration/features/filters/add-new-filter-from-events.feature:13843:29)\n    at Context.eval (https://localhost:5601/__cypress/tests?p=cypress/integration/features/filters/add-new-filter-from-events.feature:13164:35)",
                "diff": null
              },
              "uuid": "b22167f9-f97b-4872-a089-fa563fa865e7",
              "parentUUID": "c137217a-b164-469a-89dd-5c67d72a770a",
              "isHook": false,
              "skipped": false
            },
            {
              "title": "The user add a new filer from the events page GDPR (example #5)",
              "fullTitle": "Validate that the added filter label is displayed The user add a new filer from the events page GDPR (example #5)",
              "timedOut": null,
              "duration": 47562,
              "state": "failed",
              "speed": null,
              "pass": false,
              "fail": true,
              "pending": false,
              "context": null,
              "code": "const state = window.testState;\nreturn cy\n  .then(() => state.onStartScenario(scenario, indexedSteps))\n  .then(() =>\n    resolveAndRunBeforeHooks.call(this, scenario.tags, state.feature.name)\n  )\n  .then(() =>\n    indexedSteps.forEach((step) =>\n      stepTest.call(this, state, step, rowData)\n    )\n  )\n  .then(() => state.onFinishScenario(scenario));",
              "err": {
                "message": "AssertionError: Timed out retrying after 40000ms: Expected to find element: `//*[contains(@class,\"euiTabs\")]//*[contains(text(),\"Events\")]`, but never found it.",
                "estack": "AssertionError: Timed out retrying after 40000ms: Expected to find element: `//*[contains(@class,\"euiTabs\")]//*[contains(text(),\"Events\")]`, but never found it.\n    at xpathElementIsVisible (https://localhost:5601/__cypress/tests?p=cypress/integration/features/filters/add-new-filter-from-events.feature:2503:43)\n    at Context.eval (https://localhost:5601/__cypress/tests?p=cypress/integration/features/filters/add-new-filter-from-events.feature:1264:37)\n    at Context.resolveAndRunStepDefinition (https://localhost:5601/__cypress/tests?p=cypress/integration/features/filters/add-new-filter-from-events.feature:13843:29)\n    at Context.eval (https://localhost:5601/__cypress/tests?p=cypress/integration/features/filters/add-new-filter-from-events.feature:13164:35)",
                "diff": null
              },
              "uuid": "d9cddc6b-91f0-478a-9108-5a3ddf5ea5ac",
              "parentUUID": "c137217a-b164-469a-89dd-5c67d72a770a",
              "isHook": false,
              "skipped": false
            },
            {
              "title": "The user add a new filer from the events page HIPAA (example #6)",
              "fullTitle": "Validate that the added filter label is displayed The user add a new filer from the events page HIPAA (example #6)",
              "timedOut": null,
              "duration": 46531,
              "state": "failed",
              "speed": null,
              "pass": false,
              "fail": true,
              "pending": false,
              "context": null,
              "code": "const state = window.testState;\nreturn cy\n  .then(() => state.onStartScenario(scenario, indexedSteps))\n  .then(() =>\n    resolveAndRunBeforeHooks.call(this, scenario.tags, state.feature.name)\n  )\n  .then(() =>\n    indexedSteps.forEach((step) =>\n      stepTest.call(this, state, step, rowData)\n    )\n  )\n  .then(() => state.onFinishScenario(scenario));",
              "err": {
                "message": "AssertionError: Timed out retrying after 40000ms: Expected to find element: `//*[contains(@class,\"euiTabs\")]//*[contains(text(),\"Events\")]`, but never found it.",
                "estack": "AssertionError: Timed out retrying after 40000ms: Expected to find element: `//*[contains(@class,\"euiTabs\")]//*[contains(text(),\"Events\")]`, but never found it.\n    at xpathElementIsVisible (https://localhost:5601/__cypress/tests?p=cypress/integration/features/filters/add-new-filter-from-events.feature:2503:43)\n    at Context.eval (https://localhost:5601/__cypress/tests?p=cypress/integration/features/filters/add-new-filter-from-events.feature:1264:37)\n    at Context.resolveAndRunStepDefinition (https://localhost:5601/__cypress/tests?p=cypress/integration/features/filters/add-new-filter-from-events.feature:13843:29)\n    at Context.eval (https://localhost:5601/__cypress/tests?p=cypress/integration/features/filters/add-new-filter-from-events.feature:13164:35)",
                "diff": null
              },
              "uuid": "8e8bda79-fe19-447f-a09f-13bb4bc8e0c2",
              "parentUUID": "c137217a-b164-469a-89dd-5c67d72a770a",
              "isHook": false,
              "skipped": false
            },
            {
              "title": "The user add a new filer from the events page NIST (example #7)",
              "fullTitle": "Validate that the added filter label is displayed The user add a new filer from the events page NIST (example #7)",
              "timedOut": null,
              "duration": 46997,
              "state": "failed",
              "speed": null,
              "pass": false,
              "fail": true,
              "pending": false,
              "context": null,
              "code": "const state = window.testState;\nreturn cy\n  .then(() => state.onStartScenario(scenario, indexedSteps))\n  .then(() =>\n    resolveAndRunBeforeHooks.call(this, scenario.tags, state.feature.name)\n  )\n  .then(() =>\n    indexedSteps.forEach((step) =>\n      stepTest.call(this, state, step, rowData)\n    )\n  )\n  .then(() => state.onFinishScenario(scenario));",
              "err": {
                "message": "AssertionError: Timed out retrying after 40000ms: Expected to find element: `//*[contains(@class,\"euiTabs\")]//*[contains(text(),\"Events\")]`, but never found it.",
                "estack": "AssertionError: Timed out retrying after 40000ms: Expected to find element: `//*[contains(@class,\"euiTabs\")]//*[contains(text(),\"Events\")]`, but never found it.\n    at xpathElementIsVisible (https://localhost:5601/__cypress/tests?p=cypress/integration/features/filters/add-new-filter-from-events.feature:2503:43)\n    at Context.eval (https://localhost:5601/__cypress/tests?p=cypress/integration/features/filters/add-new-filter-from-events.feature:1264:37)\n    at Context.resolveAndRunStepDefinition (https://localhost:5601/__cypress/tests?p=cypress/integration/features/filters/add-new-filter-from-events.feature:13843:29)\n    at Context.eval (https://localhost:5601/__cypress/tests?p=cypress/integration/features/filters/add-new-filter-from-events.feature:13164:35)",
                "diff": null
              },
              "uuid": "9daf5a4c-daf0-4044-adb7-a712ea46eab4",
              "parentUUID": "c137217a-b164-469a-89dd-5c67d72a770a",
              "isHook": false,
              "skipped": false
            },
            {
              "title": "The user add a new filer from the events page TSC (example #8)",
              "fullTitle": "Validate that the added filter label is displayed The user add a new filer from the events page TSC (example #8)",
              "timedOut": null,
              "duration": 47036,
              "state": "failed",
              "speed": null,
              "pass": false,
              "fail": true,
              "pending": false,
              "context": null,
              "code": "const state = window.testState;\nreturn cy\n  .then(() => state.onStartScenario(scenario, indexedSteps))\n  .then(() =>\n    resolveAndRunBeforeHooks.call(this, scenario.tags, state.feature.name)\n  )\n  .then(() =>\n    indexedSteps.forEach((step) =>\n      stepTest.call(this, state, step, rowData)\n    )\n  )\n  .then(() => state.onFinishScenario(scenario));",
              "err": {
                "message": "AssertionError: Timed out retrying after 40000ms: Expected to find element: `//*[contains(@class,\"euiTabs\")]//*[contains(text(),\"Events\")]`, but never found it.",
                "estack": "AssertionError: Timed out retrying after 40000ms: Expected to find element: `//*[contains(@class,\"euiTabs\")]//*[contains(text(),\"Events\")]`, but never found it.\n    at xpathElementIsVisible (https://localhost:5601/__cypress/tests?p=cypress/integration/features/filters/add-new-filter-from-events.feature:2503:43)\n    at Context.eval (https://localhost:5601/__cypress/tests?p=cypress/integration/features/filters/add-new-filter-from-events.feature:1264:37)\n    at Context.resolveAndRunStepDefinition (https://localhost:5601/__cypress/tests?p=cypress/integration/features/filters/add-new-filter-from-events.feature:13843:29)\n    at Context.eval (https://localhost:5601/__cypress/tests?p=cypress/integration/features/filters/add-new-filter-from-events.feature:13164:35)",
                "diff": null
              },
              "uuid": "1f9ace3a-c69f-488f-b231-0a943e9a1b57",
              "parentUUID": "c137217a-b164-469a-89dd-5c67d72a770a",
              "isHook": false,
              "skipped": false
            },
            {
              "title": "The user add a new filer from the events page Policy Monitoring (example #9)",
              "fullTitle": "Validate that the added filter label is displayed The user add a new filer from the events page Policy Monitoring (example #9)",
              "timedOut": null,
              "duration": 47084,
              "state": "failed",
              "speed": null,
              "pass": false,
              "fail": true,
              "pending": false,
              "context": null,
              "code": "const state = window.testState;\nreturn cy\n  .then(() => state.onStartScenario(scenario, indexedSteps))\n  .then(() =>\n    resolveAndRunBeforeHooks.call(this, scenario.tags, state.feature.name)\n  )\n  .then(() =>\n    indexedSteps.forEach((step) =>\n      stepTest.call(this, state, step, rowData)\n    )\n  )\n  .then(() => state.onFinishScenario(scenario));",
              "err": {
                "message": "AssertionError: Timed out retrying after 40000ms: Expected to find element: `//*[contains(@class,\"euiTabs\")]//*[contains(text(),\"Events\")]`, but never found it.",
                "estack": "AssertionError: Timed out retrying after 40000ms: Expected to find element: `//*[contains(@class,\"euiTabs\")]//*[contains(text(),\"Events\")]`, but never found it.\n    at xpathElementIsVisible (https://localhost:5601/__cypress/tests?p=cypress/integration/features/filters/add-new-filter-from-events.feature:2503:43)\n    at Context.eval (https://localhost:5601/__cypress/tests?p=cypress/integration/features/filters/add-new-filter-from-events.feature:1264:37)\n    at Context.resolveAndRunStepDefinition (https://localhost:5601/__cypress/tests?p=cypress/integration/features/filters/add-new-filter-from-events.feature:13843:29)\n    at Context.eval (https://localhost:5601/__cypress/tests?p=cypress/integration/features/filters/add-new-filter-from-events.feature:13164:35)",
                "diff": null
              },
              "uuid": "c2cebd63-0e75-45a7-ad6c-7d4ad22d5d29",
              "parentUUID": "c137217a-b164-469a-89dd-5c67d72a770a",
              "isHook": false,
              "skipped": false
            },
            {
              "title": "The user add a new filer from the events page PCIDSS (example #10)",
              "fullTitle": "Validate that the added filter label is displayed The user add a new filer from the events page PCIDSS (example #10)",
              "timedOut": null,
              "duration": 46991,
              "state": "failed",
              "speed": null,
              "pass": false,
              "fail": true,
              "pending": false,
              "context": null,
              "code": "const state = window.testState;\nreturn cy\n  .then(() => state.onStartScenario(scenario, indexedSteps))\n  .then(() =>\n    resolveAndRunBeforeHooks.call(this, scenario.tags, state.feature.name)\n  )\n  .then(() =>\n    indexedSteps.forEach((step) =>\n      stepTest.call(this, state, step, rowData)\n    )\n  )\n  .then(() => state.onFinishScenario(scenario));",
              "err": {
                "message": "AssertionError: Timed out retrying after 40000ms: Expected to find element: `//*[contains(@class,\"euiTabs\")]//*[contains(text(),\"Events\")]`, but never found it.",
                "estack": "AssertionError: Timed out retrying after 40000ms: Expected to find element: `//*[contains(@class,\"euiTabs\")]//*[contains(text(),\"Events\")]`, but never found it.\n    at xpathElementIsVisible (https://localhost:5601/__cypress/tests?p=cypress/integration/features/filters/add-new-filter-from-events.feature:2503:43)\n    at Context.eval (https://localhost:5601/__cypress/tests?p=cypress/integration/features/filters/add-new-filter-from-events.feature:1264:37)\n    at Context.resolveAndRunStepDefinition (https://localhost:5601/__cypress/tests?p=cypress/integration/features/filters/add-new-filter-from-events.feature:13843:29)\n    at Context.eval (https://localhost:5601/__cypress/tests?p=cypress/integration/features/filters/add-new-filter-from-events.feature:13164:35)",
                "diff": null
              },
              "uuid": "5527abc6-1049-4f98-b254-5741764bb66e",
              "parentUUID": "c137217a-b164-469a-89dd-5c67d72a770a",
              "isHook": false,
              "skipped": false
            }
          ],
          "suites": [],
          "passes": [],
          "failures": [
            "f74b8b34-c599-4911-a9c7-e8401d066357",
            "86cbefa9-ce7f-4026-92c4-90f31d1a0663",
            "1134c197-15f8-4740-89a6-f1eeaad674fe",
            "b22167f9-f97b-4872-a089-fa563fa865e7",
            "d9cddc6b-91f0-478a-9108-5a3ddf5ea5ac",
            "8e8bda79-fe19-447f-a09f-13bb4bc8e0c2",
            "9daf5a4c-daf0-4044-adb7-a712ea46eab4",
            "1f9ace3a-c69f-488f-b231-0a943e9a1b57",
            "c2cebd63-0e75-45a7-ad6c-7d4ad22d5d29",
            "5527abc6-1049-4f98-b254-5741764bb66e"
          ],
          "pending": [],
          "skipped": [],
          "duration": 488902,
          "root": false,
          "rootEmpty": false,
          "_timeout": 2000
        }
      ],
      "passes": [],
      "failures": [],
      "pending": [],
      "skipped": [],
      "duration": 0,
      "root": true,
      "rootEmpty": true,
      "_timeout": 2000
    }
  ],
  "meta": {
    "mocha": {
      "version": "7.0.1"
    },
    "mochawesome": {
      "options": {
        "quiet": false,
        "reportFilename": "mochawesome",
        "saveHtml": true,
        "saveJson": true,
        "consoleReporter": "spec",
        "useInlineDiffs": false,
        "code": true
      },
      "version": "7.1.3"
    },
    "marge": {
      "options": {
        "charts": true,
        "overwrite": false,
        "html": true,
        "json": true,
        "reportDir": "cypress/report/mochawesome-report",
        "mochaFile": "cypress/report/output.html"
      },
      "version": "6.2.0"
    }
  }
}