{
  "stats": {
    "suites": 1,
    "tests": 10,
    "passes": 0,
    "pending": 0,
    "failures": 10,
    "start": "2022-06-10T17:46:47.426Z",
    "end": "2022-06-10T17:55:02.132Z",
    "duration": 494706,
    "testsRegistered": 10,
    "passPercent": 0,
    "pendingPercent": 0,
    "other": 0,
    "hasOther": false,
    "skipped": 0,
    "hasSkipped": false
  },
  "results": [
    {
      "uuid": "7e935247-600f-4099-adb9-97a674c3e9ff",
      "title": "",
      "fullFile": "cypress/integration/features/filters/add-new-filter-from-events.feature",
      "file": "cypress/integration/features/filters/add-new-filter-from-events.feature",
      "beforeHooks": [],
      "afterHooks": [],
      "tests": [],
      "suites": [
        {
          "uuid": "75e59113-8d80-4b6e-b9cc-c058d8794726",
          "title": "Validate that the added filter label is displayed",
          "fullFile": "",
          "file": "",
          "beforeHooks": [],
          "afterHooks": [],
          "tests": [
            {
              "title": "The user add a new filer from the events page Security Events (example #1)",
              "fullTitle": "Validate that the added filter label is displayed The user add a new filer from the events page Security Events (example #1)",
              "timedOut": null,
              "duration": 65476,
              "state": "failed",
              "speed": null,
              "pass": false,
              "fail": true,
              "pending": false,
              "context": null,
              "code": "const state = window.testState;\nreturn cy\n  .then(() => state.onStartScenario(scenario, indexedSteps))\n  .then(() =>\n    resolveAndRunBeforeHooks.call(this, scenario.tags, state.feature.name)\n  )\n  .then(() =>\n    indexedSteps.forEach((step) =>\n      stepTest.call(this, state, step, rowData)\n    )\n  )\n  .then(() => state.onFinishScenario(scenario));",
              "err": {
                "message": "AssertionError: Timed out retrying after 40000ms: Expected to find element: `//*[contains(@class,\"euiTabs\")]//*[contains(text(),\"Events\")]`, but never found it.",
                "estack": "AssertionError: Timed out retrying after 40000ms: Expected to find element: `//*[contains(@class,\"euiTabs\")]//*[contains(text(),\"Events\")]`, but never found it.\n    at xpathElementIsVisible (https://localhost:5601/__cypress/tests?p=cypress/integration/features/filters/add-new-filter-from-events.feature:2474:43)\n    at Context.eval (https://localhost:5601/__cypress/tests?p=cypress/integration/features/filters/add-new-filter-from-events.feature:1403:37)\n    at Context.resolveAndRunStepDefinition (https://localhost:5601/__cypress/tests?p=cypress/integration/features/filters/add-new-filter-from-events.feature:13166:29)\n    at Context.eval (https://localhost:5601/__cypress/tests?p=cypress/integration/features/filters/add-new-filter-from-events.feature:12487:35)",
                "diff": null
              },
              "uuid": "16fcdbee-75c9-4778-90f2-deb11dac1a01",
              "parentUUID": "75e59113-8d80-4b6e-b9cc-c058d8794726",
              "isHook": false,
              "skipped": false
            },
            {
              "title": "The user add a new filer from the events page Integrity Monitoring (example #2)",
              "fullTitle": "Validate that the added filter label is displayed The user add a new filer from the events page Integrity Monitoring (example #2)",
              "timedOut": null,
              "duration": 48108,
              "state": "failed",
              "speed": null,
              "pass": false,
              "fail": true,
              "pending": false,
              "context": null,
              "code": "const state = window.testState;\nreturn cy\n  .then(() => state.onStartScenario(scenario, indexedSteps))\n  .then(() =>\n    resolveAndRunBeforeHooks.call(this, scenario.tags, state.feature.name)\n  )\n  .then(() =>\n    indexedSteps.forEach((step) =>\n      stepTest.call(this, state, step, rowData)\n    )\n  )\n  .then(() => state.onFinishScenario(scenario));",
              "err": {
                "message": "AssertionError: Timed out retrying after 40000ms: Expected to find element: `//*[contains(@class,\"euiTabs\")]//*[contains(text(),\"Events\")]`, but never found it.",
                "estack": "AssertionError: Timed out retrying after 40000ms: Expected to find element: `//*[contains(@class,\"euiTabs\")]//*[contains(text(),\"Events\")]`, but never found it.\n    at xpathElementIsVisible (https://localhost:5601/__cypress/tests?p=cypress/integration/features/filters/add-new-filter-from-events.feature:2474:43)\n    at Context.eval (https://localhost:5601/__cypress/tests?p=cypress/integration/features/filters/add-new-filter-from-events.feature:1403:37)\n    at Context.resolveAndRunStepDefinition (https://localhost:5601/__cypress/tests?p=cypress/integration/features/filters/add-new-filter-from-events.feature:13166:29)\n    at Context.eval (https://localhost:5601/__cypress/tests?p=cypress/integration/features/filters/add-new-filter-from-events.feature:12487:35)",
                "diff": null
              },
              "uuid": "7aeadac0-816e-40ac-b3b9-1033478a10d9",
              "parentUUID": "75e59113-8d80-4b6e-b9cc-c058d8794726",
              "isHook": false,
              "skipped": false
            },
            {
              "title": "The user add a new filer from the events page System Auditing (example #3)",
              "fullTitle": "Validate that the added filter label is displayed The user add a new filer from the events page System Auditing (example #3)",
              "timedOut": null,
              "duration": 47905,
              "state": "failed",
              "speed": null,
              "pass": false,
              "fail": true,
              "pending": false,
              "context": null,
              "code": "const state = window.testState;\nreturn cy\n  .then(() => state.onStartScenario(scenario, indexedSteps))\n  .then(() =>\n    resolveAndRunBeforeHooks.call(this, scenario.tags, state.feature.name)\n  )\n  .then(() =>\n    indexedSteps.forEach((step) =>\n      stepTest.call(this, state, step, rowData)\n    )\n  )\n  .then(() => state.onFinishScenario(scenario));",
              "err": {
                "message": "AssertionError: Timed out retrying after 40000ms: Expected to find element: `//*[contains(@class,\"euiTabs\")]//*[contains(text(),\"Events\")]`, but never found it.",
                "estack": "AssertionError: Timed out retrying after 40000ms: Expected to find element: `//*[contains(@class,\"euiTabs\")]//*[contains(text(),\"Events\")]`, but never found it.\n    at xpathElementIsVisible (https://localhost:5601/__cypress/tests?p=cypress/integration/features/filters/add-new-filter-from-events.feature:2474:43)\n    at Context.eval (https://localhost:5601/__cypress/tests?p=cypress/integration/features/filters/add-new-filter-from-events.feature:1403:37)\n    at Context.resolveAndRunStepDefinition (https://localhost:5601/__cypress/tests?p=cypress/integration/features/filters/add-new-filter-from-events.feature:13166:29)\n    at Context.eval (https://localhost:5601/__cypress/tests?p=cypress/integration/features/filters/add-new-filter-from-events.feature:12487:35)",
                "diff": null
              },
              "uuid": "d14921e6-630d-4a44-817c-ff1c8a82914f",
              "parentUUID": "75e59113-8d80-4b6e-b9cc-c058d8794726",
              "isHook": false,
              "skipped": false
            },
            {
              "title": "The user add a new filer from the events page Mitre & Attack (example #4)",
              "fullTitle": "Validate that the added filter label is displayed The user add a new filer from the events page Mitre & Attack (example #4)",
              "timedOut": null,
              "duration": 46888,
              "state": "failed",
              "speed": null,
              "pass": false,
              "fail": true,
              "pending": false,
              "context": null,
              "code": "const state = window.testState;\nreturn cy\n  .then(() => state.onStartScenario(scenario, indexedSteps))\n  .then(() =>\n    resolveAndRunBeforeHooks.call(this, scenario.tags, state.feature.name)\n  )\n  .then(() =>\n    indexedSteps.forEach((step) =>\n      stepTest.call(this, state, step, rowData)\n    )\n  )\n  .then(() => state.onFinishScenario(scenario));",
              "err": {
                "message": "AssertionError: Timed out retrying after 40000ms: Expected to find element: `//*[contains(@class,\"euiTabs\")]//*[contains(text(),\"Events\")]`, but never found it.",
                "estack": "AssertionError: Timed out retrying after 40000ms: Expected to find element: `//*[contains(@class,\"euiTabs\")]//*[contains(text(),\"Events\")]`, but never found it.\n    at xpathElementIsVisible (https://localhost:5601/__cypress/tests?p=cypress/integration/features/filters/add-new-filter-from-events.feature:2474:43)\n    at Context.eval (https://localhost:5601/__cypress/tests?p=cypress/integration/features/filters/add-new-filter-from-events.feature:1403:37)\n    at Context.resolveAndRunStepDefinition (https://localhost:5601/__cypress/tests?p=cypress/integration/features/filters/add-new-filter-from-events.feature:13166:29)\n    at Context.eval (https://localhost:5601/__cypress/tests?p=cypress/integration/features/filters/add-new-filter-from-events.feature:12487:35)",
                "diff": null
              },
              "uuid": "be9a9807-7574-40f5-b292-7617b90de689",
              "parentUUID": "75e59113-8d80-4b6e-b9cc-c058d8794726",
              "isHook": false,
              "skipped": false
            },
            {
              "title": "The user add a new filer from the events page GDPR (example #5)",
              "fullTitle": "Validate that the added filter label is displayed The user add a new filer from the events page GDPR (example #5)",
              "timedOut": null,
              "duration": 47252,
              "state": "failed",
              "speed": null,
              "pass": false,
              "fail": true,
              "pending": false,
              "context": null,
              "code": "const state = window.testState;\nreturn cy\n  .then(() => state.onStartScenario(scenario, indexedSteps))\n  .then(() =>\n    resolveAndRunBeforeHooks.call(this, scenario.tags, state.feature.name)\n  )\n  .then(() =>\n    indexedSteps.forEach((step) =>\n      stepTest.call(this, state, step, rowData)\n    )\n  )\n  .then(() => state.onFinishScenario(scenario));",
              "err": {
                "message": "AssertionError: Timed out retrying after 40000ms: Expected to find element: `//*[contains(@class,\"euiTabs\")]//*[contains(text(),\"Events\")]`, but never found it.",
                "estack": "AssertionError: Timed out retrying after 40000ms: Expected to find element: `//*[contains(@class,\"euiTabs\")]//*[contains(text(),\"Events\")]`, but never found it.\n    at xpathElementIsVisible (https://localhost:5601/__cypress/tests?p=cypress/integration/features/filters/add-new-filter-from-events.feature:2474:43)\n    at Context.eval (https://localhost:5601/__cypress/tests?p=cypress/integration/features/filters/add-new-filter-from-events.feature:1403:37)\n    at Context.resolveAndRunStepDefinition (https://localhost:5601/__cypress/tests?p=cypress/integration/features/filters/add-new-filter-from-events.feature:13166:29)\n    at Context.eval (https://localhost:5601/__cypress/tests?p=cypress/integration/features/filters/add-new-filter-from-events.feature:12487:35)",
                "diff": null
              },
              "uuid": "17d05c63-e021-4ecc-9ffe-1b87712baf09",
              "parentUUID": "75e59113-8d80-4b6e-b9cc-c058d8794726",
              "isHook": false,
              "skipped": false
            },
            {
              "title": "The user add a new filer from the events page HIPAA (example #6)",
              "fullTitle": "Validate that the added filter label is displayed The user add a new filer from the events page HIPAA (example #6)",
              "timedOut": null,
              "duration": 47928,
              "state": "failed",
              "speed": null,
              "pass": false,
              "fail": true,
              "pending": false,
              "context": null,
              "code": "const state = window.testState;\nreturn cy\n  .then(() => state.onStartScenario(scenario, indexedSteps))\n  .then(() =>\n    resolveAndRunBeforeHooks.call(this, scenario.tags, state.feature.name)\n  )\n  .then(() =>\n    indexedSteps.forEach((step) =>\n      stepTest.call(this, state, step, rowData)\n    )\n  )\n  .then(() => state.onFinishScenario(scenario));",
              "err": {
                "message": "AssertionError: Timed out retrying after 40000ms: Expected to find element: `//*[contains(@class,\"euiTabs\")]//*[contains(text(),\"Events\")]`, but never found it.",
                "estack": "AssertionError: Timed out retrying after 40000ms: Expected to find element: `//*[contains(@class,\"euiTabs\")]//*[contains(text(),\"Events\")]`, but never found it.\n    at xpathElementIsVisible (https://localhost:5601/__cypress/tests?p=cypress/integration/features/filters/add-new-filter-from-events.feature:2474:43)\n    at Context.eval (https://localhost:5601/__cypress/tests?p=cypress/integration/features/filters/add-new-filter-from-events.feature:1403:37)\n    at Context.resolveAndRunStepDefinition (https://localhost:5601/__cypress/tests?p=cypress/integration/features/filters/add-new-filter-from-events.feature:13166:29)\n    at Context.eval (https://localhost:5601/__cypress/tests?p=cypress/integration/features/filters/add-new-filter-from-events.feature:12487:35)",
                "diff": null
              },
              "uuid": "5db8875a-68dc-4faa-95ab-93e74fe2293a",
              "parentUUID": "75e59113-8d80-4b6e-b9cc-c058d8794726",
              "isHook": false,
              "skipped": false
            },
            {
              "title": "The user add a new filer from the events page NIST (example #7)",
              "fullTitle": "Validate that the added filter label is displayed The user add a new filer from the events page NIST (example #7)",
              "timedOut": null,
              "duration": 47892,
              "state": "failed",
              "speed": null,
              "pass": false,
              "fail": true,
              "pending": false,
              "context": null,
              "code": "const state = window.testState;\nreturn cy\n  .then(() => state.onStartScenario(scenario, indexedSteps))\n  .then(() =>\n    resolveAndRunBeforeHooks.call(this, scenario.tags, state.feature.name)\n  )\n  .then(() =>\n    indexedSteps.forEach((step) =>\n      stepTest.call(this, state, step, rowData)\n    )\n  )\n  .then(() => state.onFinishScenario(scenario));",
              "err": {
                "message": "AssertionError: Timed out retrying after 40000ms: Expected to find element: `//*[contains(@class,\"euiTabs\")]//*[contains(text(),\"Events\")]`, but never found it.",
                "estack": "AssertionError: Timed out retrying after 40000ms: Expected to find element: `//*[contains(@class,\"euiTabs\")]//*[contains(text(),\"Events\")]`, but never found it.\n    at xpathElementIsVisible (https://localhost:5601/__cypress/tests?p=cypress/integration/features/filters/add-new-filter-from-events.feature:2474:43)\n    at Context.eval (https://localhost:5601/__cypress/tests?p=cypress/integration/features/filters/add-new-filter-from-events.feature:1403:37)\n    at Context.resolveAndRunStepDefinition (https://localhost:5601/__cypress/tests?p=cypress/integration/features/filters/add-new-filter-from-events.feature:13166:29)\n    at Context.eval (https://localhost:5601/__cypress/tests?p=cypress/integration/features/filters/add-new-filter-from-events.feature:12487:35)",
                "diff": null
              },
              "uuid": "be2ffc19-7bc7-4cf9-9cec-a558f41ca6d6",
              "parentUUID": "75e59113-8d80-4b6e-b9cc-c058d8794726",
              "isHook": false,
              "skipped": false
            },
            {
              "title": "The user add a new filer from the events page TSC (example #8)",
              "fullTitle": "Validate that the added filter label is displayed The user add a new filer from the events page TSC (example #8)",
              "timedOut": null,
              "duration": 46979,
              "state": "failed",
              "speed": null,
              "pass": false,
              "fail": true,
              "pending": false,
              "context": null,
              "code": "const state = window.testState;\nreturn cy\n  .then(() => state.onStartScenario(scenario, indexedSteps))\n  .then(() =>\n    resolveAndRunBeforeHooks.call(this, scenario.tags, state.feature.name)\n  )\n  .then(() =>\n    indexedSteps.forEach((step) =>\n      stepTest.call(this, state, step, rowData)\n    )\n  )\n  .then(() => state.onFinishScenario(scenario));",
              "err": {
                "message": "AssertionError: Timed out retrying after 40000ms: Expected to find element: `//*[contains(@class,\"euiTabs\")]//*[contains(text(),\"Events\")]`, but never found it.",
                "estack": "AssertionError: Timed out retrying after 40000ms: Expected to find element: `//*[contains(@class,\"euiTabs\")]//*[contains(text(),\"Events\")]`, but never found it.\n    at xpathElementIsVisible (https://localhost:5601/__cypress/tests?p=cypress/integration/features/filters/add-new-filter-from-events.feature:2474:43)\n    at Context.eval (https://localhost:5601/__cypress/tests?p=cypress/integration/features/filters/add-new-filter-from-events.feature:1403:37)\n    at Context.resolveAndRunStepDefinition (https://localhost:5601/__cypress/tests?p=cypress/integration/features/filters/add-new-filter-from-events.feature:13166:29)\n    at Context.eval (https://localhost:5601/__cypress/tests?p=cypress/integration/features/filters/add-new-filter-from-events.feature:12487:35)",
                "diff": null
              },
              "uuid": "5a65e205-8025-41f5-ba6c-9eb0a443ec2b",
              "parentUUID": "75e59113-8d80-4b6e-b9cc-c058d8794726",
              "isHook": false,
              "skipped": false
            },
            {
              "title": "The user add a new filer from the events page Policy Monitoring (example #9)",
              "fullTitle": "Validate that the added filter label is displayed The user add a new filer from the events page Policy Monitoring (example #9)",
              "timedOut": null,
              "duration": 47359,
              "state": "failed",
              "speed": null,
              "pass": false,
              "fail": true,
              "pending": false,
              "context": null,
              "code": "const state = window.testState;\nreturn cy\n  .then(() => state.onStartScenario(scenario, indexedSteps))\n  .then(() =>\n    resolveAndRunBeforeHooks.call(this, scenario.tags, state.feature.name)\n  )\n  .then(() =>\n    indexedSteps.forEach((step) =>\n      stepTest.call(this, state, step, rowData)\n    )\n  )\n  .then(() => state.onFinishScenario(scenario));",
              "err": {
                "message": "AssertionError: Timed out retrying after 40000ms: Expected to find element: `//*[contains(@class,\"euiTabs\")]//*[contains(text(),\"Events\")]`, but never found it.",
                "estack": "AssertionError: Timed out retrying after 40000ms: Expected to find element: `//*[contains(@class,\"euiTabs\")]//*[contains(text(),\"Events\")]`, but never found it.\n    at xpathElementIsVisible (https://localhost:5601/__cypress/tests?p=cypress/integration/features/filters/add-new-filter-from-events.feature:2474:43)\n    at Context.eval (https://localhost:5601/__cypress/tests?p=cypress/integration/features/filters/add-new-filter-from-events.feature:1403:37)\n    at Context.resolveAndRunStepDefinition (https://localhost:5601/__cypress/tests?p=cypress/integration/features/filters/add-new-filter-from-events.feature:13166:29)\n    at Context.eval (https://localhost:5601/__cypress/tests?p=cypress/integration/features/filters/add-new-filter-from-events.feature:12487:35)",
                "diff": null
              },
              "uuid": "d7d2b2c1-0019-4296-9701-e0cf3f97229a",
              "parentUUID": "75e59113-8d80-4b6e-b9cc-c058d8794726",
              "isHook": false,
              "skipped": false
            },
            {
              "title": "The user add a new filer from the events page PCIDSS (example #10)",
              "fullTitle": "Validate that the added filter label is displayed The user add a new filer from the events page PCIDSS (example #10)",
              "timedOut": null,
              "duration": 47643,
              "state": "failed",
              "speed": null,
              "pass": false,
              "fail": true,
              "pending": false,
              "context": null,
              "code": "const state = window.testState;\nreturn cy\n  .then(() => state.onStartScenario(scenario, indexedSteps))\n  .then(() =>\n    resolveAndRunBeforeHooks.call(this, scenario.tags, state.feature.name)\n  )\n  .then(() =>\n    indexedSteps.forEach((step) =>\n      stepTest.call(this, state, step, rowData)\n    )\n  )\n  .then(() => state.onFinishScenario(scenario));",
              "err": {
                "message": "AssertionError: Timed out retrying after 40000ms: Expected to find element: `//*[contains(@class,\"euiTabs\")]//*[contains(text(),\"Events\")]`, but never found it.",
                "estack": "AssertionError: Timed out retrying after 40000ms: Expected to find element: `//*[contains(@class,\"euiTabs\")]//*[contains(text(),\"Events\")]`, but never found it.\n    at xpathElementIsVisible (https://localhost:5601/__cypress/tests?p=cypress/integration/features/filters/add-new-filter-from-events.feature:2474:43)\n    at Context.eval (https://localhost:5601/__cypress/tests?p=cypress/integration/features/filters/add-new-filter-from-events.feature:1403:37)\n    at Context.resolveAndRunStepDefinition (https://localhost:5601/__cypress/tests?p=cypress/integration/features/filters/add-new-filter-from-events.feature:13166:29)\n    at Context.eval (https://localhost:5601/__cypress/tests?p=cypress/integration/features/filters/add-new-filter-from-events.feature:12487:35)",
                "diff": null
              },
              "uuid": "6a79e6b0-9774-4b02-a359-ba63af4f1948",
              "parentUUID": "75e59113-8d80-4b6e-b9cc-c058d8794726",
              "isHook": false,
              "skipped": false
            }
          ],
          "suites": [],
          "passes": [],
          "failures": [
            "16fcdbee-75c9-4778-90f2-deb11dac1a01",
            "7aeadac0-816e-40ac-b3b9-1033478a10d9",
            "d14921e6-630d-4a44-817c-ff1c8a82914f",
            "be9a9807-7574-40f5-b292-7617b90de689",
            "17d05c63-e021-4ecc-9ffe-1b87712baf09",
            "5db8875a-68dc-4faa-95ab-93e74fe2293a",
            "be2ffc19-7bc7-4cf9-9cec-a558f41ca6d6",
            "5a65e205-8025-41f5-ba6c-9eb0a443ec2b",
            "d7d2b2c1-0019-4296-9701-e0cf3f97229a",
            "6a79e6b0-9774-4b02-a359-ba63af4f1948"
          ],
          "pending": [],
          "skipped": [],
          "duration": 493430,
          "root": false,
          "rootEmpty": false,
          "_timeout": 2000
        }
      ],
      "passes": [],
      "failures": [],
      "pending": [],
      "skipped": [],
      "duration": 0,
      "root": true,
      "rootEmpty": true,
      "_timeout": 2000
    }
  ],
  "meta": {
    "mocha": {
      "version": "7.0.1"
    },
    "mochawesome": {
      "options": {
        "quiet": false,
        "reportFilename": "mochawesome",
        "saveHtml": true,
        "saveJson": true,
        "consoleReporter": "spec",
        "useInlineDiffs": false,
        "code": true
      },
      "version": "7.1.3"
    },
    "marge": {
      "options": {
        "charts": true,
        "overwrite": false,
        "html": true,
        "json": true,
        "reportDir": "cypress/report/mochawesome-report",
        "mochaFile": "cypress/report/output.html"
      },
      "version": "6.2.0"
    }
  }
}