{
  "stats": {
    "suites": 1,
    "tests": 10,
    "passes": 0,
    "pending": 0,
    "failures": 10,
    "start": "2022-06-16T17:38:00.103Z",
    "end": "2022-06-16T17:46:04.561Z",
    "duration": 484458,
    "testsRegistered": 10,
    "passPercent": 0,
    "pendingPercent": 0,
    "other": 0,
    "hasOther": false,
    "skipped": 0,
    "hasSkipped": false
  },
  "results": [
    {
      "uuid": "415fc878-fba7-4a43-955d-3a5f4c2d16b9",
      "title": "",
      "fullFile": "cypress/integration/features/filters/add-new-filter.feature",
      "file": "cypress/integration/features/filters/add-new-filter.feature",
      "beforeHooks": [],
      "afterHooks": [],
      "tests": [],
      "suites": [
        {
          "uuid": "3f2777a4-214c-4ef0-87b6-7fb7d1dcf7d3",
          "title": "Validate that the added filter label is displayed",
          "fullFile": "",
          "file": "",
          "beforeHooks": [],
          "afterHooks": [],
          "tests": [
            {
              "title": "The user add a new filer Security Events (example #1)",
              "fullTitle": "Validate that the added filter label is displayed The user add a new filer Security Events (example #1)",
              "timedOut": null,
              "duration": 64386,
              "state": "failed",
              "speed": null,
              "pass": false,
              "fail": true,
              "pending": false,
              "context": null,
              "code": "const state = window.testState;\nreturn cy\n  .then(() => state.onStartScenario(scenario, indexedSteps))\n  .then(() =>\n    resolveAndRunBeforeHooks.call(this, scenario.tags, state.feature.name)\n  )\n  .then(() =>\n    indexedSteps.forEach((step) =>\n      stepTest.call(this, state, step, rowData)\n    )\n  )\n  .then(() => state.onFinishScenario(scenario));",
              "err": {
                "message": "AssertionError: Timed out retrying after 40000ms: expected '<button.euiButtonEmpty.euiButtonEmpty--primary.euiButtonEmpty--small.globalFilterBar__addButton>' to be 'visible'\n\nThis element `<button.euiButtonEmpty.euiButtonEmpty--primary.euiButtonEmpty--small.globalFilterBar__addButton>` is not visible because its parent `<kbn-dis.hide-filter-control.ng-hide>` has CSS property: `display: none`",
                "estack": "AssertionError: Timed out retrying after 40000ms: expected '<button.euiButtonEmpty.euiButtonEmpty--primary.euiButtonEmpty--small.globalFilterBar__addButton>' to be 'visible'\n\nThis element `<button.euiButtonEmpty.euiButtonEmpty--primary.euiButtonEmpty--small.globalFilterBar__addButton>` is not visible because its parent `<kbn-dis.hide-filter-control.ng-hide>` has CSS property: `display: none`\n    at elementIsVisible (https://localhost:5601/__cypress/tests?p=cypress/integration/features/filters/add-new-filter.feature:2409:47)\n    at Context.eval (https://localhost:5601/__cypress/tests?p=cypress/integration/features/filters/add-new-filter.feature:1199:32)\n    at Context.resolveAndRunStepDefinition (https://localhost:5601/__cypress/tests?p=cypress/integration/features/filters/add-new-filter.feature:13843:29)\n    at Context.eval (https://localhost:5601/__cypress/tests?p=cypress/integration/features/filters/add-new-filter.feature:13164:35)",
                "diff": null
              },
              "uuid": "3c5c0ce2-2bca-4d90-89e5-f311111bbc69",
              "parentUUID": "3f2777a4-214c-4ef0-87b6-7fb7d1dcf7d3",
              "isHook": false,
              "skipped": false
            },
            {
              "title": "The user add a new filer Integrity Monitoring (example #2)",
              "fullTitle": "Validate that the added filter label is displayed The user add a new filer Integrity Monitoring (example #2)",
              "timedOut": null,
              "duration": 46165,
              "state": "failed",
              "speed": null,
              "pass": false,
              "fail": true,
              "pending": false,
              "context": null,
              "code": "const state = window.testState;\nreturn cy\n  .then(() => state.onStartScenario(scenario, indexedSteps))\n  .then(() =>\n    resolveAndRunBeforeHooks.call(this, scenario.tags, state.feature.name)\n  )\n  .then(() =>\n    indexedSteps.forEach((step) =>\n      stepTest.call(this, state, step, rowData)\n    )\n  )\n  .then(() => state.onFinishScenario(scenario));",
              "err": {
                "message": "AssertionError: Timed out retrying after 40000ms: expected '<button.euiButtonEmpty.euiButtonEmpty--primary.euiButtonEmpty--small.globalFilterBar__addButton>' to be 'visible'\n\nThis element `<button.euiButtonEmpty.euiButtonEmpty--primary.euiButtonEmpty--small.globalFilterBar__addButton>` is not visible because its parent `<kbn-dis.hide-filter-control.ng-hide>` has CSS property: `display: none`",
                "estack": "AssertionError: Timed out retrying after 40000ms: expected '<button.euiButtonEmpty.euiButtonEmpty--primary.euiButtonEmpty--small.globalFilterBar__addButton>' to be 'visible'\n\nThis element `<button.euiButtonEmpty.euiButtonEmpty--primary.euiButtonEmpty--small.globalFilterBar__addButton>` is not visible because its parent `<kbn-dis.hide-filter-control.ng-hide>` has CSS property: `display: none`\n    at elementIsVisible (https://localhost:5601/__cypress/tests?p=cypress/integration/features/filters/add-new-filter.feature:2409:47)\n    at Context.eval (https://localhost:5601/__cypress/tests?p=cypress/integration/features/filters/add-new-filter.feature:1199:32)\n    at Context.resolveAndRunStepDefinition (https://localhost:5601/__cypress/tests?p=cypress/integration/features/filters/add-new-filter.feature:13843:29)\n    at Context.eval (https://localhost:5601/__cypress/tests?p=cypress/integration/features/filters/add-new-filter.feature:13164:35)",
                "diff": null
              },
              "uuid": "3fbb3c1b-4a4d-403e-a85e-eb92b39aa9eb",
              "parentUUID": "3f2777a4-214c-4ef0-87b6-7fb7d1dcf7d3",
              "isHook": false,
              "skipped": false
            },
            {
              "title": "The user add a new filer System Auditing (example #3)",
              "fullTitle": "Validate that the added filter label is displayed The user add a new filer System Auditing (example #3)",
              "timedOut": null,
              "duration": 44625,
              "state": "failed",
              "speed": null,
              "pass": false,
              "fail": true,
              "pending": false,
              "context": null,
              "code": "const state = window.testState;\nreturn cy\n  .then(() => state.onStartScenario(scenario, indexedSteps))\n  .then(() =>\n    resolveAndRunBeforeHooks.call(this, scenario.tags, state.feature.name)\n  )\n  .then(() =>\n    indexedSteps.forEach((step) =>\n      stepTest.call(this, state, step, rowData)\n    )\n  )\n  .then(() => state.onFinishScenario(scenario));",
              "err": {
                "message": "AssertionError: Timed out retrying after 40000ms: expected '<button.euiButtonEmpty.euiButtonEmpty--primary.euiButtonEmpty--small.globalFilterBar__addButton>' to be 'visible'\n\nThis element `<button.euiButtonEmpty.euiButtonEmpty--primary.euiButtonEmpty--small.globalFilterBar__addButton>` is not visible because its parent `<kbn-dis.hide-filter-control.ng-hide>` has CSS property: `display: none`",
                "estack": "AssertionError: Timed out retrying after 40000ms: expected '<button.euiButtonEmpty.euiButtonEmpty--primary.euiButtonEmpty--small.globalFilterBar__addButton>' to be 'visible'\n\nThis element `<button.euiButtonEmpty.euiButtonEmpty--primary.euiButtonEmpty--small.globalFilterBar__addButton>` is not visible because its parent `<kbn-dis.hide-filter-control.ng-hide>` has CSS property: `display: none`\n    at elementIsVisible (https://localhost:5601/__cypress/tests?p=cypress/integration/features/filters/add-new-filter.feature:2409:47)\n    at Context.eval (https://localhost:5601/__cypress/tests?p=cypress/integration/features/filters/add-new-filter.feature:1199:32)\n    at Context.resolveAndRunStepDefinition (https://localhost:5601/__cypress/tests?p=cypress/integration/features/filters/add-new-filter.feature:13843:29)\n    at Context.eval (https://localhost:5601/__cypress/tests?p=cypress/integration/features/filters/add-new-filter.feature:13164:35)",
                "diff": null
              },
              "uuid": "2de44b86-fae0-42c3-883c-195861ab24e1",
              "parentUUID": "3f2777a4-214c-4ef0-87b6-7fb7d1dcf7d3",
              "isHook": false,
              "skipped": false
            },
            {
              "title": "The user add a new filer Mitre & Attack (example #4)",
              "fullTitle": "Validate that the added filter label is displayed The user add a new filer Mitre & Attack (example #4)",
              "timedOut": null,
              "duration": 47509,
              "state": "failed",
              "speed": null,
              "pass": false,
              "fail": true,
              "pending": false,
              "context": null,
              "code": "const state = window.testState;\nreturn cy\n  .then(() => state.onStartScenario(scenario, indexedSteps))\n  .then(() =>\n    resolveAndRunBeforeHooks.call(this, scenario.tags, state.feature.name)\n  )\n  .then(() =>\n    indexedSteps.forEach((step) =>\n      stepTest.call(this, state, step, rowData)\n    )\n  )\n  .then(() => state.onFinishScenario(scenario));",
              "err": {
                "message": "AssertionError: Timed out retrying after 40000ms: expected '<button.euiButtonEmpty.euiButtonEmpty--primary.euiButtonEmpty--small.globalFilterBar__addButton>' to be 'visible'\n\nThis element `<button.euiButtonEmpty.euiButtonEmpty--primary.euiButtonEmpty--small.globalFilterBar__addButton>` is not visible because its parent `<kbn-dis.hide-filter-control.ng-hide>` has CSS property: `display: none`",
                "estack": "AssertionError: Timed out retrying after 40000ms: expected '<button.euiButtonEmpty.euiButtonEmpty--primary.euiButtonEmpty--small.globalFilterBar__addButton>' to be 'visible'\n\nThis element `<button.euiButtonEmpty.euiButtonEmpty--primary.euiButtonEmpty--small.globalFilterBar__addButton>` is not visible because its parent `<kbn-dis.hide-filter-control.ng-hide>` has CSS property: `display: none`\n    at elementIsVisible (https://localhost:5601/__cypress/tests?p=cypress/integration/features/filters/add-new-filter.feature:2409:47)\n    at Context.eval (https://localhost:5601/__cypress/tests?p=cypress/integration/features/filters/add-new-filter.feature:1199:32)\n    at Context.resolveAndRunStepDefinition (https://localhost:5601/__cypress/tests?p=cypress/integration/features/filters/add-new-filter.feature:13843:29)\n    at Context.eval (https://localhost:5601/__cypress/tests?p=cypress/integration/features/filters/add-new-filter.feature:13164:35)",
                "diff": null
              },
              "uuid": "a44920eb-9557-4471-a0d8-6293ed824e74",
              "parentUUID": "3f2777a4-214c-4ef0-87b6-7fb7d1dcf7d3",
              "isHook": false,
              "skipped": false
            },
            {
              "title": "The user add a new filer GDPR (example #5)",
              "fullTitle": "Validate that the added filter label is displayed The user add a new filer GDPR (example #5)",
              "timedOut": null,
              "duration": 47080,
              "state": "failed",
              "speed": null,
              "pass": false,
              "fail": true,
              "pending": false,
              "context": null,
              "code": "const state = window.testState;\nreturn cy\n  .then(() => state.onStartScenario(scenario, indexedSteps))\n  .then(() =>\n    resolveAndRunBeforeHooks.call(this, scenario.tags, state.feature.name)\n  )\n  .then(() =>\n    indexedSteps.forEach((step) =>\n      stepTest.call(this, state, step, rowData)\n    )\n  )\n  .then(() => state.onFinishScenario(scenario));",
              "err": {
                "message": "AssertionError: Timed out retrying after 40000ms: expected '<button.euiButtonEmpty.euiButtonEmpty--primary.euiButtonEmpty--small.globalFilterBar__addButton>' to be 'visible'\n\nThis element `<button.euiButtonEmpty.euiButtonEmpty--primary.euiButtonEmpty--small.globalFilterBar__addButton>` is not visible because its parent `<kbn-dis.hide-filter-control.ng-hide>` has CSS property: `display: none`",
                "estack": "AssertionError: Timed out retrying after 40000ms: expected '<button.euiButtonEmpty.euiButtonEmpty--primary.euiButtonEmpty--small.globalFilterBar__addButton>' to be 'visible'\n\nThis element `<button.euiButtonEmpty.euiButtonEmpty--primary.euiButtonEmpty--small.globalFilterBar__addButton>` is not visible because its parent `<kbn-dis.hide-filter-control.ng-hide>` has CSS property: `display: none`\n    at elementIsVisible (https://localhost:5601/__cypress/tests?p=cypress/integration/features/filters/add-new-filter.feature:2409:47)\n    at Context.eval (https://localhost:5601/__cypress/tests?p=cypress/integration/features/filters/add-new-filter.feature:1199:32)\n    at Context.resolveAndRunStepDefinition (https://localhost:5601/__cypress/tests?p=cypress/integration/features/filters/add-new-filter.feature:13843:29)\n    at Context.eval (https://localhost:5601/__cypress/tests?p=cypress/integration/features/filters/add-new-filter.feature:13164:35)",
                "diff": null
              },
              "uuid": "92aacb3c-3929-4737-98f5-6b37a60738f1",
              "parentUUID": "3f2777a4-214c-4ef0-87b6-7fb7d1dcf7d3",
              "isHook": false,
              "skipped": false
            },
            {
              "title": "The user add a new filer HIPAA (example #6)",
              "fullTitle": "Validate that the added filter label is displayed The user add a new filer HIPAA (example #6)",
              "timedOut": null,
              "duration": 47067,
              "state": "failed",
              "speed": null,
              "pass": false,
              "fail": true,
              "pending": false,
              "context": null,
              "code": "const state = window.testState;\nreturn cy\n  .then(() => state.onStartScenario(scenario, indexedSteps))\n  .then(() =>\n    resolveAndRunBeforeHooks.call(this, scenario.tags, state.feature.name)\n  )\n  .then(() =>\n    indexedSteps.forEach((step) =>\n      stepTest.call(this, state, step, rowData)\n    )\n  )\n  .then(() => state.onFinishScenario(scenario));",
              "err": {
                "message": "AssertionError: Timed out retrying after 40000ms: expected '<button.euiButtonEmpty.euiButtonEmpty--primary.euiButtonEmpty--small.globalFilterBar__addButton>' to be 'visible'\n\nThis element `<button.euiButtonEmpty.euiButtonEmpty--primary.euiButtonEmpty--small.globalFilterBar__addButton>` is not visible because its parent `<kbn-dis.hide-filter-control.ng-hide>` has CSS property: `display: none`",
                "estack": "AssertionError: Timed out retrying after 40000ms: expected '<button.euiButtonEmpty.euiButtonEmpty--primary.euiButtonEmpty--small.globalFilterBar__addButton>' to be 'visible'\n\nThis element `<button.euiButtonEmpty.euiButtonEmpty--primary.euiButtonEmpty--small.globalFilterBar__addButton>` is not visible because its parent `<kbn-dis.hide-filter-control.ng-hide>` has CSS property: `display: none`\n    at elementIsVisible (https://localhost:5601/__cypress/tests?p=cypress/integration/features/filters/add-new-filter.feature:2409:47)\n    at Context.eval (https://localhost:5601/__cypress/tests?p=cypress/integration/features/filters/add-new-filter.feature:1199:32)\n    at Context.resolveAndRunStepDefinition (https://localhost:5601/__cypress/tests?p=cypress/integration/features/filters/add-new-filter.feature:13843:29)\n    at Context.eval (https://localhost:5601/__cypress/tests?p=cypress/integration/features/filters/add-new-filter.feature:13164:35)",
                "diff": null
              },
              "uuid": "8a0252b0-6389-46ef-8127-8e35a7bfdd24",
              "parentUUID": "3f2777a4-214c-4ef0-87b6-7fb7d1dcf7d3",
              "isHook": false,
              "skipped": false
            },
            {
              "title": "The user add a new filer NIST (example #7)",
              "fullTitle": "Validate that the added filter label is displayed The user add a new filer NIST (example #7)",
              "timedOut": null,
              "duration": 47854,
              "state": "failed",
              "speed": null,
              "pass": false,
              "fail": true,
              "pending": false,
              "context": null,
              "code": "const state = window.testState;\nreturn cy\n  .then(() => state.onStartScenario(scenario, indexedSteps))\n  .then(() =>\n    resolveAndRunBeforeHooks.call(this, scenario.tags, state.feature.name)\n  )\n  .then(() =>\n    indexedSteps.forEach((step) =>\n      stepTest.call(this, state, step, rowData)\n    )\n  )\n  .then(() => state.onFinishScenario(scenario));",
              "err": {
                "message": "AssertionError: Timed out retrying after 40000ms: expected '<button.euiButtonEmpty.euiButtonEmpty--primary.euiButtonEmpty--small.globalFilterBar__addButton>' to be 'visible'\n\nThis element `<button.euiButtonEmpty.euiButtonEmpty--primary.euiButtonEmpty--small.globalFilterBar__addButton>` is not visible because its parent `<kbn-dis.hide-filter-control.ng-hide>` has CSS property: `display: none`",
                "estack": "AssertionError: Timed out retrying after 40000ms: expected '<button.euiButtonEmpty.euiButtonEmpty--primary.euiButtonEmpty--small.globalFilterBar__addButton>' to be 'visible'\n\nThis element `<button.euiButtonEmpty.euiButtonEmpty--primary.euiButtonEmpty--small.globalFilterBar__addButton>` is not visible because its parent `<kbn-dis.hide-filter-control.ng-hide>` has CSS property: `display: none`\n    at elementIsVisible (https://localhost:5601/__cypress/tests?p=cypress/integration/features/filters/add-new-filter.feature:2409:47)\n    at Context.eval (https://localhost:5601/__cypress/tests?p=cypress/integration/features/filters/add-new-filter.feature:1199:32)\n    at Context.resolveAndRunStepDefinition (https://localhost:5601/__cypress/tests?p=cypress/integration/features/filters/add-new-filter.feature:13843:29)\n    at Context.eval (https://localhost:5601/__cypress/tests?p=cypress/integration/features/filters/add-new-filter.feature:13164:35)",
                "diff": null
              },
              "uuid": "848bfd71-caaf-431b-ac0f-88af418e326b",
              "parentUUID": "3f2777a4-214c-4ef0-87b6-7fb7d1dcf7d3",
              "isHook": false,
              "skipped": false
            },
            {
              "title": "The user add a new filer TSC (example #8)",
              "fullTitle": "Validate that the added filter label is displayed The user add a new filer TSC (example #8)",
              "timedOut": null,
              "duration": 44927,
              "state": "failed",
              "speed": null,
              "pass": false,
              "fail": true,
              "pending": false,
              "context": null,
              "code": "const state = window.testState;\nreturn cy\n  .then(() => state.onStartScenario(scenario, indexedSteps))\n  .then(() =>\n    resolveAndRunBeforeHooks.call(this, scenario.tags, state.feature.name)\n  )\n  .then(() =>\n    indexedSteps.forEach((step) =>\n      stepTest.call(this, state, step, rowData)\n    )\n  )\n  .then(() => state.onFinishScenario(scenario));",
              "err": {
                "message": "AssertionError: Timed out retrying after 40000ms: expected '<button.euiButtonEmpty.euiButtonEmpty--primary.euiButtonEmpty--small.globalFilterBar__addButton>' to be 'visible'\n\nThis element `<button.euiButtonEmpty.euiButtonEmpty--primary.euiButtonEmpty--small.globalFilterBar__addButton>` is not visible because its parent `<kbn-dis.hide-filter-control.ng-hide>` has CSS property: `display: none`",
                "estack": "AssertionError: Timed out retrying after 40000ms: expected '<button.euiButtonEmpty.euiButtonEmpty--primary.euiButtonEmpty--small.globalFilterBar__addButton>' to be 'visible'\n\nThis element `<button.euiButtonEmpty.euiButtonEmpty--primary.euiButtonEmpty--small.globalFilterBar__addButton>` is not visible because its parent `<kbn-dis.hide-filter-control.ng-hide>` has CSS property: `display: none`\n    at elementIsVisible (https://localhost:5601/__cypress/tests?p=cypress/integration/features/filters/add-new-filter.feature:2409:47)\n    at Context.eval (https://localhost:5601/__cypress/tests?p=cypress/integration/features/filters/add-new-filter.feature:1199:32)\n    at Context.resolveAndRunStepDefinition (https://localhost:5601/__cypress/tests?p=cypress/integration/features/filters/add-new-filter.feature:13843:29)\n    at Context.eval (https://localhost:5601/__cypress/tests?p=cypress/integration/features/filters/add-new-filter.feature:13164:35)",
                "diff": null
              },
              "uuid": "d51dbbe4-1a36-4357-ba3d-aabdc0dbf795",
              "parentUUID": "3f2777a4-214c-4ef0-87b6-7fb7d1dcf7d3",
              "isHook": false,
              "skipped": false
            },
            {
              "title": "The user add a new filer Policy Monitoring (example #9)",
              "fullTitle": "Validate that the added filter label is displayed The user add a new filer Policy Monitoring (example #9)",
              "timedOut": null,
              "duration": 47404,
              "state": "failed",
              "speed": null,
              "pass": false,
              "fail": true,
              "pending": false,
              "context": null,
              "code": "const state = window.testState;\nreturn cy\n  .then(() => state.onStartScenario(scenario, indexedSteps))\n  .then(() =>\n    resolveAndRunBeforeHooks.call(this, scenario.tags, state.feature.name)\n  )\n  .then(() =>\n    indexedSteps.forEach((step) =>\n      stepTest.call(this, state, step, rowData)\n    )\n  )\n  .then(() => state.onFinishScenario(scenario));",
              "err": {
                "message": "AssertionError: Timed out retrying after 40000ms: expected '<button.euiButtonEmpty.euiButtonEmpty--primary.euiButtonEmpty--small.globalFilterBar__addButton>' to be 'visible'\n\nThis element `<button.euiButtonEmpty.euiButtonEmpty--primary.euiButtonEmpty--small.globalFilterBar__addButton>` is not visible because its parent `<kbn-dis.hide-filter-control.ng-hide>` has CSS property: `display: none`",
                "estack": "AssertionError: Timed out retrying after 40000ms: expected '<button.euiButtonEmpty.euiButtonEmpty--primary.euiButtonEmpty--small.globalFilterBar__addButton>' to be 'visible'\n\nThis element `<button.euiButtonEmpty.euiButtonEmpty--primary.euiButtonEmpty--small.globalFilterBar__addButton>` is not visible because its parent `<kbn-dis.hide-filter-control.ng-hide>` has CSS property: `display: none`\n    at elementIsVisible (https://localhost:5601/__cypress/tests?p=cypress/integration/features/filters/add-new-filter.feature:2409:47)\n    at Context.eval (https://localhost:5601/__cypress/tests?p=cypress/integration/features/filters/add-new-filter.feature:1199:32)\n    at Context.resolveAndRunStepDefinition (https://localhost:5601/__cypress/tests?p=cypress/integration/features/filters/add-new-filter.feature:13843:29)\n    at Context.eval (https://localhost:5601/__cypress/tests?p=cypress/integration/features/filters/add-new-filter.feature:13164:35)",
                "diff": null
              },
              "uuid": "30f9105c-fbc9-4973-9085-984c43d41dd4",
              "parentUUID": "3f2777a4-214c-4ef0-87b6-7fb7d1dcf7d3",
              "isHook": false,
              "skipped": false
            },
            {
              "title": "The user add a new filer PCIDSS (example #10)",
              "fullTitle": "Validate that the added filter label is displayed The user add a new filer PCIDSS (example #10)",
              "timedOut": null,
              "duration": 47146,
              "state": "failed",
              "speed": null,
              "pass": false,
              "fail": true,
              "pending": false,
              "context": null,
              "code": "const state = window.testState;\nreturn cy\n  .then(() => state.onStartScenario(scenario, indexedSteps))\n  .then(() =>\n    resolveAndRunBeforeHooks.call(this, scenario.tags, state.feature.name)\n  )\n  .then(() =>\n    indexedSteps.forEach((step) =>\n      stepTest.call(this, state, step, rowData)\n    )\n  )\n  .then(() => state.onFinishScenario(scenario));",
              "err": {
                "message": "AssertionError: Timed out retrying after 40000ms: expected '<button.euiButtonEmpty.euiButtonEmpty--primary.euiButtonEmpty--small.globalFilterBar__addButton>' to be 'visible'\n\nThis element `<button.euiButtonEmpty.euiButtonEmpty--primary.euiButtonEmpty--small.globalFilterBar__addButton>` is not visible because its parent `<kbn-dis.hide-filter-control.ng-hide>` has CSS property: `display: none`",
                "estack": "AssertionError: Timed out retrying after 40000ms: expected '<button.euiButtonEmpty.euiButtonEmpty--primary.euiButtonEmpty--small.globalFilterBar__addButton>' to be 'visible'\n\nThis element `<button.euiButtonEmpty.euiButtonEmpty--primary.euiButtonEmpty--small.globalFilterBar__addButton>` is not visible because its parent `<kbn-dis.hide-filter-control.ng-hide>` has CSS property: `display: none`\n    at elementIsVisible (https://localhost:5601/__cypress/tests?p=cypress/integration/features/filters/add-new-filter.feature:2409:47)\n    at Context.eval (https://localhost:5601/__cypress/tests?p=cypress/integration/features/filters/add-new-filter.feature:1199:32)\n    at Context.resolveAndRunStepDefinition (https://localhost:5601/__cypress/tests?p=cypress/integration/features/filters/add-new-filter.feature:13843:29)\n    at Context.eval (https://localhost:5601/__cypress/tests?p=cypress/integration/features/filters/add-new-filter.feature:13164:35)",
                "diff": null
              },
              "uuid": "64e11c6e-a0b4-463c-a65e-579afc7efcaf",
              "parentUUID": "3f2777a4-214c-4ef0-87b6-7fb7d1dcf7d3",
              "isHook": false,
              "skipped": false
            }
          ],
          "suites": [],
          "passes": [],
          "failures": [
            "3c5c0ce2-2bca-4d90-89e5-f311111bbc69",
            "3fbb3c1b-4a4d-403e-a85e-eb92b39aa9eb",
            "2de44b86-fae0-42c3-883c-195861ab24e1",
            "a44920eb-9557-4471-a0d8-6293ed824e74",
            "92aacb3c-3929-4737-98f5-6b37a60738f1",
            "8a0252b0-6389-46ef-8127-8e35a7bfdd24",
            "848bfd71-caaf-431b-ac0f-88af418e326b",
            "d51dbbe4-1a36-4357-ba3d-aabdc0dbf795",
            "30f9105c-fbc9-4973-9085-984c43d41dd4",
            "64e11c6e-a0b4-463c-a65e-579afc7efcaf"
          ],
          "pending": [],
          "skipped": [],
          "duration": 484163,
          "root": false,
          "rootEmpty": false,
          "_timeout": 2000
        }
      ],
      "passes": [],
      "failures": [],
      "pending": [],
      "skipped": [],
      "duration": 0,
      "root": true,
      "rootEmpty": true,
      "_timeout": 2000
    }
  ],
  "meta": {
    "mocha": {
      "version": "7.0.1"
    },
    "mochawesome": {
      "options": {
        "quiet": false,
        "reportFilename": "mochawesome",
        "saveHtml": true,
        "saveJson": true,
        "consoleReporter": "spec",
        "useInlineDiffs": false,
        "code": true
      },
      "version": "7.1.3"
    },
    "marge": {
      "options": {
        "charts": true,
        "overwrite": false,
        "html": true,
        "json": true,
        "reportDir": "cypress/report/mochawesome-report",
        "mochaFile": "cypress/report/output.html"
      },
      "version": "6.2.0"
    }
  }
}